<?xml version="1.0" encoding="UTF-8"?>
<testsuite xmlns:xsi="http://www.w3.org/2001/XMLSchema-instance" xsi:noNamespaceSchemaLocation="https://maven.apache.org/surefire/maven-failsafe-plugin/xsd/failsafe-test-report-3.0.xsd" version="3.0" name="starter.CucumberTestSuite" time="85.189" tests="7" errors="0" skipped="0" failures="0">
  <properties>
[...]
</properties>
  <testcase name="While i am not a user, i cannot be able to login" classname="User be able to login" time="50.998">
    <system-out><![CDATA[16:11:48.851 [main] DEBUG net.thucydides.core.guice.Injectors - Created injector for module net.thucydides.core.guice.ThucydidesModule
16:11:49.138 [main] DEBUG io.cucumber.core.plugin.SerenityReporter - Running feature from file:///C:/Users/ASUS/Documents/GitHub/Mini-Project/WebTesting/src/test/resources/features/1_Login.feature
16:11:49.294 [main] DEBUG net.thucydides.core.guice.Injectors - Created injector for module net.thucydides.core.guice.webdriver.WebDriverModule
16:11:49.312 [main] INFO  - 

-------------------------------------------------------------------------------------
     _______. _______ .______       _______ .__   __.  __  .___________.____    ____ 
    /       ||   ____||   _  \     |   ____||  \ |  | |  | |           |\   \  /   / 
   |   (----`|  |__   |  |_)  |    |  |__   |   \|  | |  | `---|  |----` \   \/   /  
    \   \    |   __|  |      /     |   __|  |  . `  | |  |     |  |       \_    _/   
.----)   |   |  |____ |  |\  \----.|  |____ |  |\   | |  |     |  |         |  |     
|_______/    |_______|| _| `._____||_______||__| \__| |__|     |__|         |__|    
                                                                                     
 News and tutorials at http://www.serenity-bdd.info                                  
 Documentation at https://wakaleo.gitbooks.io/the-serenity-book/content/             
 Join the Serenity Community on Gitter: https://gitter.im/serenity-bdd/serenity-core 
 Serenity BDD Support and Training at http://serenity-bdd.info/#/trainingandsupport  
-------------------------------------------------------------------------------------

16:11:49.315 [main] DEBUG net.thucydides.core.steps.StepEventBus - Test suite started for story net.thucydides.core.model.Story@d43133a1
16:11:49.316 [main] INFO  - Test Suite Started: User be able to login
16:11:49.358 [main] DEBUG io.cucumber.core.plugin.SerenityReporter - Running feature from file:///C:/Users/ASUS/Documents/GitHub/Mini-Project/WebTesting/src/test/resources/features/2_Detail.feature
16:11:49.362 [main] DEBUG net.thucydides.core.steps.StepEventBus - Test suite started for story net.thucydides.core.model.Story@468c9775
16:11:49.363 [main] INFO  - Test Suite Started: User have be able to see detail
16:11:49.363 [main] DEBUG io.cucumber.core.plugin.SerenityReporter - Running feature from file:///C:/Users/ASUS/Documents/GitHub/Mini-Project/WebTesting/src/test/resources/features/3_Order.feature
16:11:49.367 [main] DEBUG net.thucydides.core.steps.StepEventBus - Test suite started for story net.thucydides.core.model.Story@913a755
16:11:49.367 [main] INFO  - Test Suite Started: User have be able to make order
16:11:49.367 [main] DEBUG io.cucumber.core.plugin.SerenityReporter - Running feature from file:///C:/Users/ASUS/Documents/GitHub/Mini-Project/WebTesting/src/test/resources/features/4_Logout.feature
16:11:49.372 [main] DEBUG net.thucydides.core.steps.StepEventBus - Test suite started for story net.thucydides.core.model.Story@74b320be
16:11:49.373 [main] INFO  - Test Suite Started: User have be able to log out
16:11:49.373 [main] DEBUG io.cucumber.core.plugin.SerenityReporter - Running feature from file:///C:/Users/ASUS/Documents/GitHub/Mini-Project/WebTesting/src/test/resources/features/5_Register.feature
16:11:49.378 [main] DEBUG net.thucydides.core.steps.StepEventBus - Test suite started for story net.thucydides.core.model.Story@b9ce1cb
16:11:49.378 [main] INFO  - Test Suite Started: User be able to Register
16:11:49.379 [main] DEBUG io.cucumber.core.plugin.SerenityReporter - Running feature from file:///C:/Users/ASUS/Documents/GitHub/Mini-Project/WebTesting/src/test/resources/features/1_Login.feature
16:11:49.381 [main] DEBUG net.thucydides.core.steps.StepEventBus - Test suite started for story net.thucydides.core.model.Story@d43133a1
16:11:49.382 [main] INFO  - Test Suite Started: User be able to login

Scenario: While i am not a user, i cannot be able to login &amp#27;[90m# src/test/resources/features/1_Login.feature:5&amp#27;[0m
16:11:49.471 [main] DEBUG io.cucumber.core.plugin.SerenityReporter - Running feature from file:///C:/Users/ASUS/Documents/GitHub/Mini-Project/WebTesting/src/test/resources/features/1_Login.feature
16:11:49.579 [main] INFO  - 
  _____   ___   ___   _____     ___   _____     _     ___   _____   ___   ___  
 |_   _| | __| / __| |_   _|   / __| |_   _|   /_\   | _ \ |_   _| | __| |   \ 
   | |   | _|  \__ \   | |     \__ \   | |    / _ \  |   /   | |   | _|  | |) |
   |_|   |___| |___/   |_|     |___/   |_|   /_/ \_\ |_|_\   |_|   |___| |___/ 

While i am not a user, i cannot be able to login(user-be-able-to-login;while-i-am-not-a-user--i-cannot-be-able-to-login)
--------------------------------------------------------------------------------
16:11:49.638 [main] DEBUG net.thucydides.core.requirements.model.cucumber.CucumberParser - Loading feature C:\Users\ASUS\Documents\GitHub\Mini-Project\WebTesting\src\test\resources\features\1_Login.feature
16:11:49.656 [main] DEBUG net.thucydides.core.requirements.model.cucumber.CucumberParser - Loading feature C:\Users\ASUS\Documents\GitHub\Mini-Project\WebTesting\src\test\resources\features\2_Detail.feature
16:11:49.662 [main] DEBUG net.thucydides.core.requirements.model.cucumber.CucumberParser - Loading feature C:\Users\ASUS\Documents\GitHub\Mini-Project\WebTesting\src\test\resources\features\3_Order.feature
16:11:49.668 [main] DEBUG net.thucydides.core.requirements.model.cucumber.CucumberParser - Loading feature C:\Users\ASUS\Documents\GitHub\Mini-Project\WebTesting\src\test\resources\features\4_Logout.feature
16:11:49.672 [main] DEBUG net.thucydides.core.requirements.model.cucumber.CucumberParser - Loading feature C:\Users\ASUS\Documents\GitHub\Mini-Project\WebTesting\src\test\resources\features\5_Register.feature
16:11:50.443 [main] DEBUG net.thucydides.core.steps.StepInterceptor - STARTING STEP: LoginSteps.onTheHomePageFirst - openPage
16:11:50.566 [main] INFO net.serenitybdd.core.webdriver.driverproviders.ChromeDriverProvider - Starting Chrome driver instance with capabilities:
16:11:50.568 [main] INFO net.serenitybdd.core.webdriver.driverproviders.ChromeDriverProvider - Capabilities {acceptInsecureCerts: false, browserName: chrome, goog:chromeOptions: {args: [remote-allow-origins=*], extensions: []}}
16:11:50.644 [main] DEBUG io.netty.util.internal.logging.InternalLoggerFactory - Using SLF4J as the default logging framework
16:11:50.646 [main] DEBUG io.netty.util.ResourceLeakDetector - -Dio.netty.leakDetection.level: simple
16:11:50.646 [main] DEBUG io.netty.util.ResourceLeakDetector - -Dio.netty.leakDetection.targetRecords: 4
16:11:50.651 [main] DEBUG io.netty.util.ResourceLeakDetectorFactory - Loaded default ResourceLeakDetector: io.netty.util.ResourceLeakDetector@6242ae3b
16:11:50.668 [main] DEBUG io.netty.util.internal.PlatformDependent0 - -Dio.netty.noUnsafe: false
16:11:50.668 [main] DEBUG io.netty.util.internal.PlatformDependent0 - Java version: 8
16:11:50.669 [main] DEBUG io.netty.util.internal.PlatformDependent0 - sun.misc.Unsafe.theUnsafe: available
16:11:50.669 [main] DEBUG io.netty.util.internal.PlatformDependent0 - sun.misc.Unsafe.copyMemory: available
16:11:50.670 [main] DEBUG io.netty.util.internal.PlatformDependent0 - sun.misc.Unsafe.storeFence: available
16:11:50.670 [main] DEBUG io.netty.util.internal.PlatformDependent0 - java.nio.Buffer.address: available
16:11:50.671 [main] DEBUG io.netty.util.internal.PlatformDependent0 - direct buffer constructor: available
16:11:50.671 [main] DEBUG io.netty.util.internal.PlatformDependent0 - java.nio.Bits.unaligned: available, true
16:11:50.671 [main] DEBUG io.netty.util.internal.PlatformDependent0 - jdk.internal.misc.Unsafe.allocateUninitializedArray(int): unavailable prior to Java9
16:11:50.671 [main] DEBUG io.netty.util.internal.PlatformDependent0 - java.nio.DirectByteBuffer.<init>(long, int): available
16:11:50.671 [main] DEBUG io.netty.util.internal.PlatformDependent - sun.misc.Unsafe: available
16:11:50.672 [main] DEBUG io.netty.util.internal.PlatformDependent - -Dio.netty.tmpdir: C:\Users\ASUS\AppData\Local\Temp (java.io.tmpdir)
16:11:50.672 [main] DEBUG io.netty.util.internal.PlatformDependent - -Dio.netty.bitMode: 64 (sun.arch.data.model)
16:11:50.672 [main] DEBUG io.netty.util.internal.PlatformDependent - Platform: Windows
16:11:50.673 [main] DEBUG io.netty.util.internal.PlatformDependent - -Dio.netty.maxDirectMemory: 1838153728 bytes
16:11:50.673 [main] DEBUG io.netty.util.internal.PlatformDependent - -Dio.netty.uninitializedArrayAllocationThreshold: -1
16:11:50.674 [main] DEBUG io.netty.util.internal.CleanerJava6 - java.nio.ByteBuffer.cleaner(): available
16:11:50.674 [main] DEBUG io.netty.util.internal.PlatformDependent - -Dio.netty.noPreferDirect: false
16:11:50.681 [main] DEBUG io.netty.util.internal.PlatformDependent - org.jctools-core.MpscChunkedArrayQueue: available
16:11:50.701 [main] DEBUG io.netty.util.internal.InternalThreadLocalMap - -Dio.netty.threadLocalMap.stringBuilder.initialSize: 1024
16:11:50.701 [main] DEBUG io.netty.util.internal.InternalThreadLocalMap - -Dio.netty.threadLocalMap.stringBuilder.maxSize: 4096
16:11:51.114 [main] DEBUG io.netty.handler.ssl.JdkSslContext - Default protocols (JDK): [TLSv1.2, TLSv1.1, TLSv1] 
16:11:51.116 [main] DEBUG io.netty.handler.ssl.JdkSslContext - Default cipher suites (JDK): [TLS_ECDHE_ECDSA_WITH_AES_256_GCM_SHA384, TLS_ECDHE_ECDSA_WITH_AES_128_GCM_SHA256, TLS_ECDHE_RSA_WITH_AES_128_GCM_SHA256, TLS_ECDHE_RSA_WITH_AES_256_GCM_SHA384, TLS_ECDHE_RSA_WITH_AES_128_CBC_SHA, TLS_ECDHE_RSA_WITH_AES_256_CBC_SHA, TLS_RSA_WITH_AES_128_GCM_SHA256, TLS_RSA_WITH_AES_128_CBC_SHA, TLS_RSA_WITH_AES_256_CBC_SHA, TLS_AES_128_GCM_SHA256, TLS_AES_256_GCM_SHA384]
16:11:51.146 [main] DEBUG io.netty.channel.MultithreadEventLoopGroup - -Dio.netty.eventLoopThreads: 16
16:11:51.155 [main] DEBUG io.netty.channel.nio.NioEventLoop - -Dio.netty.noKeySetOptimization: false
16:11:51.156 [main] DEBUG io.netty.channel.nio.NioEventLoop - -Dio.netty.selectorAutoRebuildThreshold: 512
16:11:51.239 [main] DEBUG io.netty.buffer.PooledByteBufAllocator - -Dio.netty.allocator.numHeapArenas: 16
16:11:51.239 [main] DEBUG io.netty.buffer.PooledByteBufAllocator - -Dio.netty.allocator.numDirectArenas: 16
16:11:51.239 [main] DEBUG io.netty.buffer.PooledByteBufAllocator - -Dio.netty.allocator.pageSize: 8192
16:11:51.239 [main] DEBUG io.netty.buffer.PooledByteBufAllocator - -Dio.netty.allocator.maxOrder: 9
16:11:51.239 [main] DEBUG io.netty.buffer.PooledByteBufAllocator - -Dio.netty.allocator.chunkSize: 4194304
16:11:51.240 [main] DEBUG io.netty.buffer.PooledByteBufAllocator - -Dio.netty.allocator.smallCacheSize: 256
16:11:51.240 [main] DEBUG io.netty.buffer.PooledByteBufAllocator - -Dio.netty.allocator.normalCacheSize: 64
16:11:51.240 [main] DEBUG io.netty.buffer.PooledByteBufAllocator - -Dio.netty.allocator.maxCachedBufferCapacity: 32768
16:11:51.240 [main] DEBUG io.netty.buffer.PooledByteBufAllocator - -Dio.netty.allocator.cacheTrimInterval: 8192
16:11:51.240 [main] DEBUG io.netty.buffer.PooledByteBufAllocator - -Dio.netty.allocator.cacheTrimIntervalMillis: 0
16:11:51.240 [main] DEBUG io.netty.buffer.PooledByteBufAllocator - -Dio.netty.allocator.useCacheForAllThreads: false
16:11:51.240 [main] DEBUG io.netty.buffer.PooledByteBufAllocator - -Dio.netty.allocator.maxCachedByteBuffersPerChunk: 1023
16:11:51.252 [main] DEBUG io.netty.buffer.ByteBufUtil - -Dio.netty.allocator.type: pooled
16:11:51.252 [main] DEBUG io.netty.buffer.ByteBufUtil - -Dio.netty.threadLocalDirectBufferSize: 0
16:11:51.252 [main] DEBUG io.netty.buffer.ByteBufUtil - -Dio.netty.maxThreadLocalCharBufferSize: 16384
16:11:53.846 [Forwarding newSession on session null to remote] DEBUG io.netty.channel.DefaultChannelId - -Dio.netty.processId: 13056 (auto-detected)
16:11:53.849 [Forwarding newSession on session null to remote] DEBUG io.netty.util.NetUtil - -Djava.net.preferIPv4Stack: false
16:11:53.849 [Forwarding newSession on session null to remote] DEBUG io.netty.util.NetUtil - -Djava.net.preferIPv6Addresses: false
16:11:54.048 [Forwarding newSession on session null to remote] DEBUG io.netty.util.NetUtilInitializations - Loopback interface: lo (Software Loopback Interface 1, 127.0.0.1)
16:11:54.049 [Forwarding newSession on session null to remote] DEBUG io.netty.util.NetUtil - Failed to get SOMAXCONN from sysctl and file \proc\sys\net\core\somaxconn. Default: 200
16:11:54.061 [Forwarding newSession on session null to remote] DEBUG io.netty.channel.DefaultChannelId - -Dio.netty.machineId: d8:c0:a6:ff:fe:3f:0c:e1 (auto-detected)
16:11:54.111 [AsyncHttpClient-1-2] DEBUG io.netty.buffer.AbstractByteBuf - -Dio.netty.buffer.checkAccessible: true
16:11:54.111 [AsyncHttpClient-1-2] DEBUG io.netty.buffer.AbstractByteBuf - -Dio.netty.buffer.checkBounds: true
16:11:54.111 [AsyncHttpClient-1-2] DEBUG io.netty.util.ResourceLeakDetectorFactory - Loaded default ResourceLeakDetector: io.netty.util.ResourceLeakDetector@76e2fa74
16:11:54.126 [AsyncHttpClient-1-2] DEBUG org.asynchttpclient.netty.channel.NettyConnectListener - Using new Channel '[id: 0x1e4034e1, L:/127.0.0.1:50630 - R:localhost/127.0.0.1:33686]' for 'POST' to '/session'
16:11:54.142 [AsyncHttpClient-1-2] DEBUG io.netty.util.Recycler - -Dio.netty.recycler.maxCapacityPerThread: 4096
16:11:54.142 [AsyncHttpClient-1-2] DEBUG io.netty.util.Recycler - -Dio.netty.recycler.ratio: 8
16:11:54.143 [AsyncHttpClient-1-2] DEBUG io.netty.util.Recycler - -Dio.netty.recycler.chunkSize: 32
16:11:54.143 [AsyncHttpClient-1-2] DEBUG io.netty.util.Recycler - -Dio.netty.recycler.blocking: false
16:12:03.258 [AsyncHttpClient-1-2] DEBUG io.netty.handler.codec.compression.Brotli - brotli4j not in the classpath; Brotli support will be unavailable.
16:12:03.259 [AsyncHttpClient-1-2] DEBUG org.asynchttpclient.netty.handler.HttpHandler - 

Request DefaultHttpRequest(decodeResult: success, version: HTTP/1.1)
POST /session HTTP/1.1
User-Agent: selenium/4.8.1 (java windows)
Content-Length: 507
Content-Type: application/json; charset=utf-8
host: localhost:33686
accept: */*

Response DefaultHttpResponse(decodeResult: success, version: HTTP/1.1)
HTTP/1.1 200 OK
Content-Length: 859
Content-Type: application/json; charset=utf-8
cache-control: no-cache

16:12:03.326 [AsyncHttpClient-1-2] DEBUG org.asynchttpclient.netty.channel.ChannelManager - Adding key: http://localhost:33686 for channel [id: 0x1e4034e1, L:/127.0.0.1:50630 - R:localhost/127.0.0.1:33686]
16:12:03.962 [AsyncHttpClient-1-3] DEBUG org.asynchttpclient.netty.channel.NettyConnectListener - Using new Channel '[id: 0x182c96ac, L:/127.0.0.1:50642 - R:localhost/127.0.0.1:50633]' for 'GET' to '/json/version'
16:12:03.964 [AsyncHttpClient-1-3] DEBUG org.asynchttpclient.netty.handler.HttpHandler - 

Request DefaultFullHttpRequest(decodeResult: success, version: HTTP/1.1, content: EmptyByteBufBE)
GET /json/version HTTP/1.1
User-Agent: selenium/4.8.1 (java windows)
host: localhost:50633
accept: */*

Response DefaultHttpResponse(decodeResult: success, version: HTTP/1.1)
HTTP/1.1 200 OK
Content-Security-Policy: frame-ancestors 'none'
Content-Length: 424
Content-Type: application/json; charset=UTF-8

16:12:03.965 [AsyncHttpClient-1-3] DEBUG org.asynchttpclient.netty.channel.ChannelManager - Adding key: http://localhost:50633 for channel [id: 0x182c96ac, L:/127.0.0.1:50642 - R:localhost/127.0.0.1:50633]
16:12:03.973 [main] DEBUG io.netty.util.internal.ThreadLocalRandom - -Dio.netty.initialSeedUniquifier: 0x7dcc18c01d7044c1
16:12:03.982 [AsyncHttpClient-1-4] DEBUG org.asynchttpclient.netty.channel.NettyConnectListener - Using new Channel '[id: 0x4ab610e9, L:/127.0.0.1:50643 - R:localhost/127.0.0.1:50633]' for 'GET' to '/devtools/browser/ae0fa452-783a-4398-a2ec-15f584ca8c9e'
16:12:03.985 [AsyncHttpClient-1-4] DEBUG org.asynchttpclient.netty.handler.WebSocketHandler - 

Request DefaultFullHttpRequest(decodeResult: success, version: HTTP/1.1, content: EmptyByteBufBE)
GET /devtools/browser/ae0fa452-783a-4398-a2ec-15f584ca8c9e HTTP/1.1
upgrade: websocket
connection: upgrade
sec-websocket-key: sLpCaL1a0uGbEWLrdVitMg==
sec-websocket-version: 13
origin: http://localhost:50633
host: localhost:50633
accept: */*
user-agent: AHC/2.1

Response DefaultHttpResponse(decodeResult: success, version: HTTP/1.1)
HTTP/1.1 101 WebSocket Protocol Handshake
Upgrade: WebSocket
Connection: Upgrade
Sec-WebSocket-Accept: kGlxcGGei8VMS1E1kEnkV79exwU=

16:12:04.084 [Forwarding get on session 90dd082a64566af5413496e6e7a8a552 to remote] DEBUG org.asynchttpclient.netty.request.NettyRequestSender - Using pooled Channel '[id: 0x1e4034e1, L:/127.0.0.1:50630 - R:localhost/127.0.0.1:33686]' for 'POST' to 'http://localhost:33686/session/90dd082a64566af5413496e6e7a8a552/url'
16:12:04.084 [Forwarding get on session 90dd082a64566af5413496e6e7a8a552 to remote] DEBUG org.asynchttpclient.netty.request.NettyRequestSender - Using open Channel [id: 0x1e4034e1, L:/127.0.0.1:50630 - R:localhost/127.0.0.1:33686] for POST '/session/90dd082a64566af5413496e6e7a8a552/url'
16:12:04.290 [AsyncHttpClient-1-1] DEBUG org.asynchttpclient.netty.channel.DefaultChannelPool - Entry count for : http://localhost:50633 : 1
16:12:05.387 [AsyncHttpClient-1-1] DEBUG org.asynchttpclient.netty.channel.DefaultChannelPool - Entry count for : http://localhost:50633 : 1
16:12:05.963 [AsyncHttpClient-1-2] DEBUG org.asynchttpclient.netty.handler.HttpHandler - 

Request DefaultHttpRequest(decodeResult: success, version: HTTP/1.1)
POST /session/90dd082a64566af5413496e6e7a8a552/url HTTP/1.1
User-Agent: selenium/4.8.1 (java windows)
Content-Length: 59
Content-Type: application/json; charset=utf-8
host: localhost:33686
accept: */*

Response DefaultHttpResponse(decodeResult: success, version: HTTP/1.1)
HTTP/1.1 200 OK
Content-Length: 14
Content-Type: application/json; charset=utf-8
cache-control: no-cache

16:12:05.964 [AsyncHttpClient-1-2] DEBUG org.asynchttpclient.netty.channel.ChannelManager - Adding key: http://localhost:33686 for channel [id: 0x1e4034e1, L:/127.0.0.1:50630 - R:localhost/127.0.0.1:33686]
16:12:05.968 [Forwarding setTimeout on session 90dd082a64566af5413496e6e7a8a552 to remote] DEBUG org.asynchttpclient.netty.request.NettyRequestSender - Using pooled Channel '[id: 0x1e4034e1, L:/127.0.0.1:50630 - R:localhost/127.0.0.1:33686]' for 'POST' to 'http://localhost:33686/session/90dd082a64566af5413496e6e7a8a552/timeouts'
16:12:05.969 [Forwarding setTimeout on session 90dd082a64566af5413496e6e7a8a552 to remote] DEBUG org.asynchttpclient.netty.request.NettyRequestSender - Using open Channel [id: 0x1e4034e1, L:/127.0.0.1:50630 - R:localhost/127.0.0.1:33686] for POST '/session/90dd082a64566af5413496e6e7a8a552/timeouts'
16:12:05.971 [AsyncHttpClient-1-2] DEBUG org.asynchttpclient.netty.handler.HttpHandler - 

Request DefaultHttpRequest(decodeResult: success, version: HTTP/1.1)
POST /session/90dd082a64566af5413496e6e7a8a552/timeouts HTTP/1.1
User-Agent: selenium/4.8.1 (java windows)
Content-Length: 22
Content-Type: application/json; charset=utf-8
host: localhost:33686
accept: */*

Response DefaultHttpResponse(decodeResult: success, version: HTTP/1.1)
HTTP/1.1 200 OK
Content-Length: 14
Content-Type: application/json; charset=utf-8
cache-control: no-cache

16:12:05.972 [AsyncHttpClient-1-2] DEBUG org.asynchttpclient.netty.channel.ChannelManager - Adding key: http://localhost:33686 for channel [id: 0x1e4034e1, L:/127.0.0.1:50630 - R:localhost/127.0.0.1:33686]
16:12:06.006 [main] DEBUG net.serenitybdd.core.photography.Darkroom - Opening darkroom
16:12:06.007 [Darkroom Processing Line] DEBUG net.serenitybdd.core.photography.DarkroomProcessingLine - Darkroom processing line starting up
16:12:06.024 [Forwarding getAlertText on session 90dd082a64566af5413496e6e7a8a552 to remote] DEBUG org.asynchttpclient.netty.request.NettyRequestSender - Using pooled Channel '[id: 0x1e4034e1, L:/127.0.0.1:50630 - R:localhost/127.0.0.1:33686]' for 'GET' to 'http://localhost:33686/session/90dd082a64566af5413496e6e7a8a552/alert/text'
16:12:06.024 [Forwarding getAlertText on session 90dd082a64566af5413496e6e7a8a552 to remote] DEBUG org.asynchttpclient.netty.request.NettyRequestSender - Using open Channel [id: 0x1e4034e1, L:/127.0.0.1:50630 - R:localhost/127.0.0.1:33686] for GET '/session/90dd082a64566af5413496e6e7a8a552/alert/text'
16:12:06.027 [AsyncHttpClient-1-2] DEBUG org.asynchttpclient.netty.handler.HttpHandler - 

Request DefaultFullHttpRequest(decodeResult: success, version: HTTP/1.1, content: EmptyByteBufBE)
GET /session/90dd082a64566af5413496e6e7a8a552/alert/text HTTP/1.1
User-Agent: selenium/4.8.1 (java windows)
Cache-Control: no-cache
Content-Type: application/json; charset=utf-8
host: localhost:33686
accept: */*

Response DefaultHttpResponse(decodeResult: success, version: HTTP/1.1)
HTTP/1.1 404 Not Found
Content-Length: 836
Content-Type: application/json; charset=utf-8
cache-control: no-cache

16:12:06.028 [AsyncHttpClient-1-2] DEBUG org.asynchttpclient.netty.channel.ChannelManager - Adding key: http://localhost:33686 for channel [id: 0x1e4034e1, L:/127.0.0.1:50630 - R:localhost/127.0.0.1:33686]
16:12:06.035 [Forwarding getCurrentUrl on session 90dd082a64566af5413496e6e7a8a552 to remote] DEBUG org.asynchttpclient.netty.request.NettyRequestSender - Using pooled Channel '[id: 0x1e4034e1, L:/127.0.0.1:50630 - R:localhost/127.0.0.1:33686]' for 'GET' to 'http://localhost:33686/session/90dd082a64566af5413496e6e7a8a552/url'
16:12:06.036 [Forwarding getCurrentUrl on session 90dd082a64566af5413496e6e7a8a552 to remote] DEBUG org.asynchttpclient.netty.request.NettyRequestSender - Using open Channel [id: 0x1e4034e1, L:/127.0.0.1:50630 - R:localhost/127.0.0.1:33686] for GET '/session/90dd082a64566af5413496e6e7a8a552/url'
16:12:06.043 [AsyncHttpClient-1-2] DEBUG org.asynchttpclient.netty.handler.HttpHandler - 

Request DefaultFullHttpRequest(decodeResult: success, version: HTTP/1.1, content: EmptyByteBufBE)
GET /session/90dd082a64566af5413496e6e7a8a552/url HTTP/1.1
User-Agent: selenium/4.8.1 (java windows)
Cache-Control: no-cache
Content-Type: application/json; charset=utf-8
host: localhost:33686
accept: */*

Response DefaultHttpResponse(decodeResult: success, version: HTTP/1.1)
HTTP/1.1 200 OK
Content-Length: 41
Content-Type: application/json; charset=utf-8
cache-control: no-cache

16:12:06.044 [AsyncHttpClient-1-2] DEBUG org.asynchttpclient.netty.channel.ChannelManager - Adding key: http://localhost:33686 for channel [id: 0x1e4034e1, L:/127.0.0.1:50630 - R:localhost/127.0.0.1:33686]
16:12:06.048 [Forwarding screenshot on session 90dd082a64566af5413496e6e7a8a552 to remote] DEBUG org.asynchttpclient.netty.request.NettyRequestSender - Using pooled Channel '[id: 0x1e4034e1, L:/127.0.0.1:50630 - R:localhost/127.0.0.1:33686]' for 'GET' to 'http://localhost:33686/session/90dd082a64566af5413496e6e7a8a552/screenshot'
16:12:06.048 [Forwarding screenshot on session 90dd082a64566af5413496e6e7a8a552 to remote] DEBUG org.asynchttpclient.netty.request.NettyRequestSender - Using open Channel [id: 0x1e4034e1, L:/127.0.0.1:50630 - R:localhost/127.0.0.1:33686] for GET '/session/90dd082a64566af5413496e6e7a8a552/screenshot'
16:12:06.492 [AsyncHttpClient-1-1] DEBUG org.asynchttpclient.netty.channel.DefaultChannelPool - Entry count for : http://localhost:50633 : 1
16:12:07.592 [AsyncHttpClient-1-1] DEBUG org.asynchttpclient.netty.channel.DefaultChannelPool - Entry count for : http://localhost:50633 : 1
16:12:08.686 [AsyncHttpClient-1-1] DEBUG org.asynchttpclient.netty.channel.DefaultChannelPool - Entry count for : http://localhost:50633 : 1
16:12:09.792 [AsyncHttpClient-1-1] DEBUG org.asynchttpclient.netty.channel.DefaultChannelPool - Entry count for : http://localhost:50633 : 1
16:12:10.887 [AsyncHttpClient-1-1] DEBUG org.asynchttpclient.netty.channel.DefaultChannelPool - Entry count for : http://localhost:50633 : 1
16:12:11.989 [AsyncHttpClient-1-1] DEBUG org.asynchttpclient.netty.channel.DefaultChannelPool - Entry count for : http://localhost:50633 : 1
16:12:13.094 [AsyncHttpClient-1-1] DEBUG org.asynchttpclient.netty.channel.DefaultChannelPool - Entry count for : http://localhost:50633 : 1
16:12:14.187 [AsyncHttpClient-1-1] DEBUG org.asynchttpclient.netty.channel.DefaultChannelPool - Entry count for : http://localhost:50633 : 1
16:12:15.288 [AsyncHttpClient-1-1] DEBUG org.asynchttpclient.netty.channel.DefaultChannelPool - Entry count for : http://localhost:50633 : 1
16:12:16.388 [AsyncHttpClient-1-1] DEBUG org.asynchttpclient.netty.channel.DefaultChannelPool - Entry count for : http://localhost:50633 : 1
16:12:17.489 [AsyncHttpClient-1-1] DEBUG org.asynchttpclient.netty.channel.DefaultChannelPool - Entry count for : http://localhost:50633 : 1
16:12:18.588 [AsyncHttpClient-1-1] DEBUG org.asynchttpclient.netty.channel.DefaultChannelPool - Entry count for : http://localhost:50633 : 1
16:12:19.695 [AsyncHttpClient-1-1] DEBUG org.asynchttpclient.netty.channel.DefaultChannelPool - Entry count for : http://localhost:50633 : 1
16:12:20.791 [AsyncHttpClient-1-1] DEBUG org.asynchttpclient.netty.channel.DefaultChannelPool - Entry count for : http://localhost:50633 : 1
16:12:21.887 [AsyncHttpClient-1-1] DEBUG org.asynchttpclient.netty.channel.DefaultChannelPool - Entry count for : http://localhost:50633 : 1
16:12:22.986 [AsyncHttpClient-1-1] DEBUG org.asynchttpclient.netty.channel.DefaultChannelPool - Entry count for : http://localhost:50633 : 1
16:12:24.089 [AsyncHttpClient-1-1] DEBUG org.asynchttpclient.netty.channel.DefaultChannelPool - Entry count for : http://localhost:50633 : 1
16:12:24.213 [AsyncHttpClient-1-2] DEBUG org.asynchttpclient.netty.handler.HttpHandler - 

Request DefaultFullHttpRequest(decodeResult: success, version: HTTP/1.1, content: EmptyByteBufBE)
GET /session/90dd082a64566af5413496e6e7a8a552/screenshot HTTP/1.1
User-Agent: selenium/4.8.1 (java windows)
Cache-Control: no-cache
Content-Type: application/json; charset=utf-8
host: localhost:33686
accept: */*

Response DefaultHttpResponse(decodeResult: success, version: HTTP/1.1)
HTTP/1.1 200 OK
Content-Length: 64700
Content-Type: application/json; charset=utf-8
cache-control: no-cache

16:12:24.215 [AsyncHttpClient-1-2] DEBUG org.asynchttpclient.netty.channel.ChannelManager - Adding key: http://localhost:33686 for channel [id: 0x1e4034e1, L:/127.0.0.1:50630 - R:localhost/127.0.0.1:33686]
16:12:24.873 [main] DEBUG net.serenitybdd.core.photography.Darkroom - Send negative for processing for target\site\serenity\513ad3b6089a6f391579a97d229c34ded9871c687b9c79a3b95019a1a7839ad8.png
16:12:24.874 [Darkroom Processing Line] DEBUG net.serenitybdd.core.photography.DarkroomProcessingLine - Processing screenshot image in /var/screenshots/screenshot-1188446681092976099
16:12:24.874 [Darkroom Processing Line] DEBUG net.serenitybdd.core.photography.DarkroomProcessingLine - Saving screenshot to target\site\serenity\513ad3b6089a6f391579a97d229c34ded9871c687b9c79a3b95019a1a7839ad8.png
16:12:24.885 [main] DEBUG net.thucydides.core.steps.StepInterceptor - STEP DONE: openPage
16:12:24.897 [Forwarding getPageSource on session 90dd082a64566af5413496e6e7a8a552 to remote] DEBUG org.asynchttpclient.netty.request.NettyRequestSender - Using pooled Channel '[id: 0x1e4034e1, L:/127.0.0.1:50630 - R:localhost/127.0.0.1:33686]' for 'POST' to 'http://localhost:33686/session/90dd082a64566af5413496e6e7a8a552/execute/sync'
16:12:24.897 [Forwarding getPageSource on session 90dd082a64566af5413496e6e7a8a552 to remote] DEBUG org.asynchttpclient.netty.request.NettyRequestSender - Using open Channel [id: 0x1e4034e1, L:/127.0.0.1:50630 - R:localhost/127.0.0.1:33686] for POST '/session/90dd082a64566af5413496e6e7a8a552/execute/sync'
16:12:24.973 [AsyncHttpClient-1-2] DEBUG org.asynchttpclient.netty.handler.HttpHandler - 

Request DefaultHttpRequest(decodeResult: success, version: HTTP/1.1)
POST /session/90dd082a64566af5413496e6e7a8a552/execute/sync HTTP/1.1
User-Agent: selenium/4.8.1 (java windows)
Content-Length: 176
Content-Type: application/json; charset=utf-8
host: localhost:33686
accept: */*

Response DefaultHttpResponse(decodeResult: success, version: HTTP/1.1)
HTTP/1.1 200 OK
Content-Length: 654084
Content-Type: application/json; charset=utf-8
cache-control: no-cache

16:12:24.977 [AsyncHttpClient-1-2] DEBUG org.asynchttpclient.netty.channel.ChannelManager - Adding key: http://localhost:33686 for channel [id: 0x1e4034e1, L:/127.0.0.1:50630 - R:localhost/127.0.0.1:33686]
16:12:25.201 [AsyncHttpClient-1-1] DEBUG org.asynchttpclient.netty.channel.DefaultChannelPool - Entry count for : http://localhost:50633 : 1
16:12:25.201 [AsyncHttpClient-1-1] DEBUG org.asynchttpclient.netty.channel.DefaultChannelPool - Entry count for : http://localhost:33686 : 1
16:12:26.018 [Forwarding getCurrentUrl on session 90dd082a64566af5413496e6e7a8a552 to remote] DEBUG org.asynchttpclient.netty.request.NettyRequestSender - Using pooled Channel '[id: 0x1e4034e1, L:/127.0.0.1:50630 - R:localhost/127.0.0.1:33686]' for 'GET' to 'http://localhost:33686/session/90dd082a64566af5413496e6e7a8a552/url'
16:12:26.018 [Forwarding getCurrentUrl on session 90dd082a64566af5413496e6e7a8a552 to remote] DEBUG org.asynchttpclient.netty.request.NettyRequestSender - Using open Channel [id: 0x1e4034e1, L:/127.0.0.1:50630 - R:localhost/127.0.0.1:33686] for GET '/session/90dd082a64566af5413496e6e7a8a552/url'
16:12:26.024 [AsyncHttpClient-1-2] DEBUG org.asynchttpclient.netty.handler.HttpHandler - 

Request DefaultFullHttpRequest(decodeResult: success, version: HTTP/1.1, content: EmptyByteBufBE)
GET /session/90dd082a64566af5413496e6e7a8a552/url HTTP/1.1
User-Agent: selenium/4.8.1 (java windows)
Cache-Control: no-cache
Content-Type: application/json; charset=utf-8
host: localhost:33686
accept: */*

Response DefaultHttpResponse(decodeResult: success, version: HTTP/1.1)
HTTP/1.1 200 OK
Content-Length: 41
Content-Type: application/json; charset=utf-8
cache-control: no-cache

16:12:26.025 [AsyncHttpClient-1-2] DEBUG org.asynchttpclient.netty.channel.ChannelManager - Adding key: http://localhost:33686 for channel [id: 0x1e4034e1, L:/127.0.0.1:50630 - R:localhost/127.0.0.1:33686]
16:12:26.031 [main] DEBUG net.thucydides.core.steps.StepInterceptor - STARTING STEP: LoginSteps.onTheHomePageFirst - validateOnHomePage
16:12:26.042 [Forwarding findElement on session 90dd082a64566af5413496e6e7a8a552 to remote] DEBUG org.asynchttpclient.netty.request.NettyRequestSender - Using pooled Channel '[id: 0x1e4034e1, L:/127.0.0.1:50630 - R:localhost/127.0.0.1:33686]' for 'POST' to 'http://localhost:33686/session/90dd082a64566af5413496e6e7a8a552/element'
16:12:26.042 [Forwarding findElement on session 90dd082a64566af5413496e6e7a8a552 to remote] DEBUG org.asynchttpclient.netty.request.NettyRequestSender - Using open Channel [id: 0x1e4034e1, L:/127.0.0.1:50630 - R:localhost/127.0.0.1:33686] for POST '/session/90dd082a64566af5413496e6e7a8a552/element'
16:12:26.115 [AsyncHttpClient-1-2] DEBUG org.asynchttpclient.netty.handler.HttpHandler - 

Request DefaultHttpRequest(decodeResult: success, version: HTTP/1.1)
POST /session/90dd082a64566af5413496e6e7a8a552/element HTTP/1.1
User-Agent: selenium/4.8.1 (java windows)
Content-Length: 46
Content-Type: application/json; charset=utf-8
host: localhost:33686
accept: */*

Response DefaultHttpResponse(decodeResult: success, version: HTTP/1.1)
HTTP/1.1 200 OK
Content-Length: 88
Content-Type: application/json; charset=utf-8
cache-control: no-cache

16:12:26.117 [AsyncHttpClient-1-2] DEBUG org.asynchttpclient.netty.channel.ChannelManager - Adding key: http://localhost:33686 for channel [id: 0x1e4034e1, L:/127.0.0.1:50630 - R:localhost/127.0.0.1:33686]
16:12:26.198 [Forwarding isElementDisplayed on session 90dd082a64566af5413496e6e7a8a552 to remote] DEBUG org.asynchttpclient.netty.request.NettyRequestSender - Using pooled Channel '[id: 0x1e4034e1, L:/127.0.0.1:50630 - R:localhost/127.0.0.1:33686]' for 'POST' to 'http://localhost:33686/session/90dd082a64566af5413496e6e7a8a552/execute/sync'
16:12:26.198 [Forwarding isElementDisplayed on session 90dd082a64566af5413496e6e7a8a552 to remote] DEBUG org.asynchttpclient.netty.request.NettyRequestSender - Using open Channel [id: 0x1e4034e1, L:/127.0.0.1:50630 - R:localhost/127.0.0.1:33686] for POST '/session/90dd082a64566af5413496e6e7a8a552/execute/sync'
16:12:26.212 [AsyncHttpClient-1-2] DEBUG org.asynchttpclient.netty.handler.HttpHandler - 

Request DefaultHttpRequest(decodeResult: success, version: HTTP/1.1)
POST /session/90dd082a64566af5413496e6e7a8a552/execute/sync HTTP/1.1
User-Agent: selenium/4.8.1 (java windows)
Content-Length: 48807
Content-Type: application/json; charset=utf-8
host: localhost:33686
accept: */*

Response DefaultHttpResponse(decodeResult: success, version: HTTP/1.1)
HTTP/1.1 200 OK
Content-Length: 14
Content-Type: application/json; charset=utf-8
cache-control: no-cache

16:12:26.212 [AsyncHttpClient-1-2] DEBUG org.asynchttpclient.netty.channel.ChannelManager - Adding key: http://localhost:33686 for channel [id: 0x1e4034e1, L:/127.0.0.1:50630 - R:localhost/127.0.0.1:33686]
16:12:26.220 [Forwarding getAlertText on session 90dd082a64566af5413496e6e7a8a552 to remote] DEBUG org.asynchttpclient.netty.request.NettyRequestSender - Using pooled Channel '[id: 0x1e4034e1, L:/127.0.0.1:50630 - R:localhost/127.0.0.1:33686]' for 'GET' to 'http://localhost:33686/session/90dd082a64566af5413496e6e7a8a552/alert/text'
16:12:26.220 [Forwarding getAlertText on session 90dd082a64566af5413496e6e7a8a552 to remote] DEBUG org.asynchttpclient.netty.request.NettyRequestSender - Using open Channel [id: 0x1e4034e1, L:/127.0.0.1:50630 - R:localhost/127.0.0.1:33686] for GET '/session/90dd082a64566af5413496e6e7a8a552/alert/text'
16:12:26.222 [AsyncHttpClient-1-2] DEBUG org.asynchttpclient.netty.handler.HttpHandler - 

Request DefaultFullHttpRequest(decodeResult: success, version: HTTP/1.1, content: EmptyByteBufBE)
GET /session/90dd082a64566af5413496e6e7a8a552/alert/text HTTP/1.1
User-Agent: selenium/4.8.1 (java windows)
Cache-Control: no-cache
Content-Type: application/json; charset=utf-8
host: localhost:33686
accept: */*

Response DefaultHttpResponse(decodeResult: success, version: HTTP/1.1)
HTTP/1.1 404 Not Found
Content-Length: 836
Content-Type: application/json; charset=utf-8
cache-control: no-cache

16:12:26.223 [AsyncHttpClient-1-2] DEBUG org.asynchttpclient.netty.channel.ChannelManager - Adding key: http://localhost:33686 for channel [id: 0x1e4034e1, L:/127.0.0.1:50630 - R:localhost/127.0.0.1:33686]
16:12:26.225 [Forwarding getCurrentUrl on session 90dd082a64566af5413496e6e7a8a552 to remote] DEBUG org.asynchttpclient.netty.request.NettyRequestSender - Using pooled Channel '[id: 0x1e4034e1, L:/127.0.0.1:50630 - R:localhost/127.0.0.1:33686]' for 'GET' to 'http://localhost:33686/session/90dd082a64566af5413496e6e7a8a552/url'
16:12:26.225 [Forwarding getCurrentUrl on session 90dd082a64566af5413496e6e7a8a552 to remote] DEBUG org.asynchttpclient.netty.request.NettyRequestSender - Using open Channel [id: 0x1e4034e1, L:/127.0.0.1:50630 - R:localhost/127.0.0.1:33686] for GET '/session/90dd082a64566af5413496e6e7a8a552/url'
16:12:26.229 [AsyncHttpClient-1-2] DEBUG org.asynchttpclient.netty.handler.HttpHandler - 

Request DefaultFullHttpRequest(decodeResult: success, version: HTTP/1.1, content: EmptyByteBufBE)
GET /session/90dd082a64566af5413496e6e7a8a552/url HTTP/1.1
User-Agent: selenium/4.8.1 (java windows)
Cache-Control: no-cache
Content-Type: application/json; charset=utf-8
host: localhost:33686
accept: */*

Response DefaultHttpResponse(decodeResult: success, version: HTTP/1.1)
HTTP/1.1 200 OK
Content-Length: 41
Content-Type: application/json; charset=utf-8
cache-control: no-cache

16:12:26.229 [AsyncHttpClient-1-2] DEBUG org.asynchttpclient.netty.channel.ChannelManager - Adding key: http://localhost:33686 for channel [id: 0x1e4034e1, L:/127.0.0.1:50630 - R:localhost/127.0.0.1:33686]
16:12:26.231 [Forwarding screenshot on session 90dd082a64566af5413496e6e7a8a552 to remote] DEBUG org.asynchttpclient.netty.request.NettyRequestSender - Using pooled Channel '[id: 0x1e4034e1, L:/127.0.0.1:50630 - R:localhost/127.0.0.1:33686]' for 'GET' to 'http://localhost:33686/session/90dd082a64566af5413496e6e7a8a552/screenshot'
16:12:26.231 [Forwarding screenshot on session 90dd082a64566af5413496e6e7a8a552 to remote] DEBUG org.asynchttpclient.netty.request.NettyRequestSender - Using open Channel [id: 0x1e4034e1, L:/127.0.0.1:50630 - R:localhost/127.0.0.1:33686] for GET '/session/90dd082a64566af5413496e6e7a8a552/screenshot'
16:12:26.287 [AsyncHttpClient-1-1] DEBUG org.asynchttpclient.netty.channel.DefaultChannelPool - Entry count for : http://localhost:50633 : 1
16:12:26.298 [AsyncHttpClient-1-2] DEBUG org.asynchttpclient.netty.handler.HttpHandler - 

Request DefaultFullHttpRequest(decodeResult: success, version: HTTP/1.1, content: EmptyByteBufBE)
GET /session/90dd082a64566af5413496e6e7a8a552/screenshot HTTP/1.1
User-Agent: selenium/4.8.1 (java windows)
Cache-Control: no-cache
Content-Type: application/json; charset=utf-8
host: localhost:33686
accept: */*

Response DefaultHttpResponse(decodeResult: success, version: HTTP/1.1)
HTTP/1.1 200 OK
Content-Length: 64700
Content-Type: application/json; charset=utf-8
cache-control: no-cache

16:12:26.299 [AsyncHttpClient-1-2] DEBUG org.asynchttpclient.netty.channel.ChannelManager - Adding key: http://localhost:33686 for channel [id: 0x1e4034e1, L:/127.0.0.1:50630 - R:localhost/127.0.0.1:33686]
16:12:26.306 [main] DEBUG net.serenitybdd.core.photography.Darkroom - Send negative for processing for target\site\serenity\513ad3b6089a6f391579a97d229c34ded9871c687b9c79a3b95019a1a7839ad8.png
16:12:26.307 [main] DEBUG net.thucydides.core.steps.StepInterceptor - STEP DONE: validateOnHomePage
  &amp#27;[32mGiven &amp#27;[0m&amp#27;[32mI am on the home page 1&amp#27;[0m                            &amp#27;[90m# starter.stepdefinitions.LoginSteps.onTheHomePageFirst()&amp#27;[0m
16:12:26.326 [Forwarding getPageSource on session 90dd082a64566af5413496e6e7a8a552 to remote] DEBUG org.asynchttpclient.netty.request.NettyRequestSender - Using pooled Channel '[id: 0x1e4034e1, L:/127.0.0.1:50630 - R:localhost/127.0.0.1:33686]' for 'POST' to 'http://localhost:33686/session/90dd082a64566af5413496e6e7a8a552/execute/sync'
16:12:26.326 [Forwarding getPageSource on session 90dd082a64566af5413496e6e7a8a552 to remote] DEBUG org.asynchttpclient.netty.request.NettyRequestSender - Using open Channel [id: 0x1e4034e1, L:/127.0.0.1:50630 - R:localhost/127.0.0.1:33686] for POST '/session/90dd082a64566af5413496e6e7a8a552/execute/sync'
16:12:26.362 [AsyncHttpClient-1-2] DEBUG org.asynchttpclient.netty.handler.HttpHandler - 

Request DefaultHttpRequest(decodeResult: success, version: HTTP/1.1)
POST /session/90dd082a64566af5413496e6e7a8a552/execute/sync HTTP/1.1
User-Agent: selenium/4.8.1 (java windows)
Content-Length: 176
Content-Type: application/json; charset=utf-8
host: localhost:33686
accept: */*

Response DefaultHttpResponse(decodeResult: success, version: HTTP/1.1)
HTTP/1.1 200 OK
Content-Length: 654084
Content-Type: application/json; charset=utf-8
cache-control: no-cache

16:12:26.368 [AsyncHttpClient-1-2] DEBUG org.asynchttpclient.netty.channel.ChannelManager - Adding key: http://localhost:33686 for channel [id: 0x1e4034e1, L:/127.0.0.1:50630 - R:localhost/127.0.0.1:33686]
16:12:26.478 [Forwarding getCurrentUrl on session 90dd082a64566af5413496e6e7a8a552 to remote] DEBUG org.asynchttpclient.netty.request.NettyRequestSender - Using pooled Channel '[id: 0x1e4034e1, L:/127.0.0.1:50630 - R:localhost/127.0.0.1:33686]' for 'GET' to 'http://localhost:33686/session/90dd082a64566af5413496e6e7a8a552/url'
16:12:26.478 [Forwarding getCurrentUrl on session 90dd082a64566af5413496e6e7a8a552 to remote] DEBUG org.asynchttpclient.netty.request.NettyRequestSender - Using open Channel [id: 0x1e4034e1, L:/127.0.0.1:50630 - R:localhost/127.0.0.1:33686] for GET '/session/90dd082a64566af5413496e6e7a8a552/url'
16:12:26.483 [AsyncHttpClient-1-2] DEBUG org.asynchttpclient.netty.handler.HttpHandler - 

Request DefaultFullHttpRequest(decodeResult: success, version: HTTP/1.1, content: EmptyByteBufBE)
GET /session/90dd082a64566af5413496e6e7a8a552/url HTTP/1.1
User-Agent: selenium/4.8.1 (java windows)
Cache-Control: no-cache
Content-Type: application/json; charset=utf-8
host: localhost:33686
accept: */*

Response DefaultHttpResponse(decodeResult: success, version: HTTP/1.1)
HTTP/1.1 200 OK
Content-Length: 41
Content-Type: application/json; charset=utf-8
cache-control: no-cache

16:12:26.484 [AsyncHttpClient-1-2] DEBUG org.asynchttpclient.netty.channel.ChannelManager - Adding key: http://localhost:33686 for channel [id: 0x1e4034e1, L:/127.0.0.1:50630 - R:localhost/127.0.0.1:33686]
16:12:26.499 [Forwarding getAlertText on session 90dd082a64566af5413496e6e7a8a552 to remote] DEBUG org.asynchttpclient.netty.request.NettyRequestSender - Using pooled Channel '[id: 0x1e4034e1, L:/127.0.0.1:50630 - R:localhost/127.0.0.1:33686]' for 'GET' to 'http://localhost:33686/session/90dd082a64566af5413496e6e7a8a552/alert/text'
16:12:26.500 [Forwarding getAlertText on session 90dd082a64566af5413496e6e7a8a552 to remote] DEBUG org.asynchttpclient.netty.request.NettyRequestSender - Using open Channel [id: 0x1e4034e1, L:/127.0.0.1:50630 - R:localhost/127.0.0.1:33686] for GET '/session/90dd082a64566af5413496e6e7a8a552/alert/text'
16:12:26.502 [AsyncHttpClient-1-2] DEBUG org.asynchttpclient.netty.handler.HttpHandler - 

Request DefaultFullHttpRequest(decodeResult: success, version: HTTP/1.1, content: EmptyByteBufBE)
GET /session/90dd082a64566af5413496e6e7a8a552/alert/text HTTP/1.1
User-Agent: selenium/4.8.1 (java windows)
Cache-Control: no-cache
Content-Type: application/json; charset=utf-8
host: localhost:33686
accept: */*

Response DefaultHttpResponse(decodeResult: success, version: HTTP/1.1)
HTTP/1.1 404 Not Found
Content-Length: 836
Content-Type: application/json; charset=utf-8
cache-control: no-cache

16:12:26.503 [AsyncHttpClient-1-2] DEBUG org.asynchttpclient.netty.channel.ChannelManager - Adding key: http://localhost:33686 for channel [id: 0x1e4034e1, L:/127.0.0.1:50630 - R:localhost/127.0.0.1:33686]
16:12:26.505 [Forwarding getCurrentUrl on session 90dd082a64566af5413496e6e7a8a552 to remote] DEBUG org.asynchttpclient.netty.request.NettyRequestSender - Using pooled Channel '[id: 0x1e4034e1, L:/127.0.0.1:50630 - R:localhost/127.0.0.1:33686]' for 'GET' to 'http://localhost:33686/session/90dd082a64566af5413496e6e7a8a552/url'
16:12:26.505 [Forwarding getCurrentUrl on session 90dd082a64566af5413496e6e7a8a552 to remote] DEBUG org.asynchttpclient.netty.request.NettyRequestSender - Using open Channel [id: 0x1e4034e1, L:/127.0.0.1:50630 - R:localhost/127.0.0.1:33686] for GET '/session/90dd082a64566af5413496e6e7a8a552/url'
16:12:26.511 [AsyncHttpClient-1-2] DEBUG org.asynchttpclient.netty.handler.HttpHandler - 

Request DefaultFullHttpRequest(decodeResult: success, version: HTTP/1.1, content: EmptyByteBufBE)
GET /session/90dd082a64566af5413496e6e7a8a552/url HTTP/1.1
User-Agent: selenium/4.8.1 (java windows)
Cache-Control: no-cache
Content-Type: application/json; charset=utf-8
host: localhost:33686
accept: */*

Response DefaultHttpResponse(decodeResult: success, version: HTTP/1.1)
HTTP/1.1 200 OK
Content-Length: 41
Content-Type: application/json; charset=utf-8
cache-control: no-cache

16:12:26.511 [AsyncHttpClient-1-2] DEBUG org.asynchttpclient.netty.channel.ChannelManager - Adding key: http://localhost:33686 for channel [id: 0x1e4034e1, L:/127.0.0.1:50630 - R:localhost/127.0.0.1:33686]
16:12:26.512 [Forwarding screenshot on session 90dd082a64566af5413496e6e7a8a552 to remote] DEBUG org.asynchttpclient.netty.request.NettyRequestSender - Using pooled Channel '[id: 0x1e4034e1, L:/127.0.0.1:50630 - R:localhost/127.0.0.1:33686]' for 'GET' to 'http://localhost:33686/session/90dd082a64566af5413496e6e7a8a552/screenshot'
16:12:26.513 [Forwarding screenshot on session 90dd082a64566af5413496e6e7a8a552 to remote] DEBUG org.asynchttpclient.netty.request.NettyRequestSender - Using open Channel [id: 0x1e4034e1, L:/127.0.0.1:50630 - R:localhost/127.0.0.1:33686] for GET '/session/90dd082a64566af5413496e6e7a8a552/screenshot'
16:12:26.582 [AsyncHttpClient-1-2] DEBUG org.asynchttpclient.netty.handler.HttpHandler - 

Request DefaultFullHttpRequest(decodeResult: success, version: HTTP/1.1, content: EmptyByteBufBE)
GET /session/90dd082a64566af5413496e6e7a8a552/screenshot HTTP/1.1
User-Agent: selenium/4.8.1 (java windows)
Cache-Control: no-cache
Content-Type: application/json; charset=utf-8
host: localhost:33686
accept: */*

Response DefaultHttpResponse(decodeResult: success, version: HTTP/1.1)
HTTP/1.1 200 OK
Content-Length: 64700
Content-Type: application/json; charset=utf-8
cache-control: no-cache

16:12:26.583 [AsyncHttpClient-1-2] DEBUG org.asynchttpclient.netty.channel.ChannelManager - Adding key: http://localhost:33686 for channel [id: 0x1e4034e1, L:/127.0.0.1:50630 - R:localhost/127.0.0.1:33686]
16:12:26.586 [main] DEBUG net.serenitybdd.core.photography.Darkroom - Send negative for processing for target\site\serenity\513ad3b6089a6f391579a97d229c34ded9871c687b9c79a3b95019a1a7839ad8.png
16:12:26.589 [Forwarding getPageSource on session 90dd082a64566af5413496e6e7a8a552 to remote] DEBUG org.asynchttpclient.netty.request.NettyRequestSender - Using pooled Channel '[id: 0x1e4034e1, L:/127.0.0.1:50630 - R:localhost/127.0.0.1:33686]' for 'POST' to 'http://localhost:33686/session/90dd082a64566af5413496e6e7a8a552/execute/sync'
16:12:26.589 [Forwarding getPageSource on session 90dd082a64566af5413496e6e7a8a552 to remote] DEBUG org.asynchttpclient.netty.request.NettyRequestSender - Using open Channel [id: 0x1e4034e1, L:/127.0.0.1:50630 - R:localhost/127.0.0.1:33686] for POST '/session/90dd082a64566af5413496e6e7a8a552/execute/sync'
16:12:26.630 [AsyncHttpClient-1-2] DEBUG org.asynchttpclient.netty.handler.HttpHandler - 

Request DefaultHttpRequest(decodeResult: success, version: HTTP/1.1)
POST /session/90dd082a64566af5413496e6e7a8a552/execute/sync HTTP/1.1
User-Agent: selenium/4.8.1 (java windows)
Content-Length: 176
Content-Type: application/json; charset=utf-8
host: localhost:33686
accept: */*

Response DefaultHttpResponse(decodeResult: success, version: HTTP/1.1)
HTTP/1.1 200 OK
Content-Length: 654084
Content-Type: application/json; charset=utf-8
cache-control: no-cache

16:12:26.634 [AsyncHttpClient-1-2] DEBUG org.asynchttpclient.netty.channel.ChannelManager - Adding key: http://localhost:33686 for channel [id: 0x1e4034e1, L:/127.0.0.1:50630 - R:localhost/127.0.0.1:33686]
16:12:27.017 [Forwarding getCurrentUrl on session 90dd082a64566af5413496e6e7a8a552 to remote] DEBUG org.asynchttpclient.netty.request.NettyRequestSender - Using pooled Channel '[id: 0x1e4034e1, L:/127.0.0.1:50630 - R:localhost/127.0.0.1:33686]' for 'GET' to 'http://localhost:33686/session/90dd082a64566af5413496e6e7a8a552/url'
16:12:27.017 [Forwarding getCurrentUrl on session 90dd082a64566af5413496e6e7a8a552 to remote] DEBUG org.asynchttpclient.netty.request.NettyRequestSender - Using open Channel [id: 0x1e4034e1, L:/127.0.0.1:50630 - R:localhost/127.0.0.1:33686] for GET '/session/90dd082a64566af5413496e6e7a8a552/url'
16:12:27.023 [AsyncHttpClient-1-2] DEBUG org.asynchttpclient.netty.handler.HttpHandler - 

Request DefaultFullHttpRequest(decodeResult: success, version: HTTP/1.1, content: EmptyByteBufBE)
GET /session/90dd082a64566af5413496e6e7a8a552/url HTTP/1.1
User-Agent: selenium/4.8.1 (java windows)
Cache-Control: no-cache
Content-Type: application/json; charset=utf-8
host: localhost:33686
accept: */*

Response DefaultHttpResponse(decodeResult: success, version: HTTP/1.1)
HTTP/1.1 200 OK
Content-Length: 41
Content-Type: application/json; charset=utf-8
cache-control: no-cache

16:12:27.024 [AsyncHttpClient-1-2] DEBUG org.asynchttpclient.netty.channel.ChannelManager - Adding key: http://localhost:33686 for channel [id: 0x1e4034e1, L:/127.0.0.1:50630 - R:localhost/127.0.0.1:33686]
16:12:27.029 [main] DEBUG net.thucydides.core.steps.StepInterceptor - STARTING STEP: LoginSteps.clickLoginButton - clickLogin
16:12:27.036 [Forwarding findElement on session 90dd082a64566af5413496e6e7a8a552 to remote] DEBUG org.asynchttpclient.netty.request.NettyRequestSender - Using pooled Channel '[id: 0x1e4034e1, L:/127.0.0.1:50630 - R:localhost/127.0.0.1:33686]' for 'POST' to 'http://localhost:33686/session/90dd082a64566af5413496e6e7a8a552/element'
16:12:27.037 [Forwarding findElement on session 90dd082a64566af5413496e6e7a8a552 to remote] DEBUG org.asynchttpclient.netty.request.NettyRequestSender - Using open Channel [id: 0x1e4034e1, L:/127.0.0.1:50630 - R:localhost/127.0.0.1:33686] for POST '/session/90dd082a64566af5413496e6e7a8a552/element'
16:12:27.051 [AsyncHttpClient-1-2] DEBUG org.asynchttpclient.netty.handler.HttpHandler - 

Request DefaultHttpRequest(decodeResult: success, version: HTTP/1.1)
POST /session/90dd082a64566af5413496e6e7a8a552/element HTTP/1.1
User-Agent: selenium/4.8.1 (java windows)
Content-Length: 87
Content-Type: application/json; charset=utf-8
host: localhost:33686
accept: */*

Response DefaultHttpResponse(decodeResult: success, version: HTTP/1.1)
HTTP/1.1 200 OK
Content-Length: 88
Content-Type: application/json; charset=utf-8
cache-control: no-cache

16:12:27.051 [AsyncHttpClient-1-2] DEBUG org.asynchttpclient.netty.channel.ChannelManager - Adding key: http://localhost:33686 for channel [id: 0x1e4034e1, L:/127.0.0.1:50630 - R:localhost/127.0.0.1:33686]
16:12:27.055 [Forwarding getElementTagName on session 90dd082a64566af5413496e6e7a8a552 to remote] DEBUG org.asynchttpclient.netty.request.NettyRequestSender - Using pooled Channel '[id: 0x1e4034e1, L:/127.0.0.1:50630 - R:localhost/127.0.0.1:33686]' for 'GET' to 'http://localhost:33686/session/90dd082a64566af5413496e6e7a8a552/element/b3055482-93a2-4676-970e-43b7a808721a/name'
16:12:27.055 [Forwarding getElementTagName on session 90dd082a64566af5413496e6e7a8a552 to remote] DEBUG org.asynchttpclient.netty.request.NettyRequestSender - Using open Channel [id: 0x1e4034e1, L:/127.0.0.1:50630 - R:localhost/127.0.0.1:33686] for GET '/session/90dd082a64566af5413496e6e7a8a552/element/b3055482-93a2-4676-970e-43b7a808721a/name'
16:12:27.279 [AsyncHttpClient-1-2] DEBUG org.asynchttpclient.netty.handler.HttpHandler - 

Request DefaultFullHttpRequest(decodeResult: success, version: HTTP/1.1, content: EmptyByteBufBE)
GET /session/90dd082a64566af5413496e6e7a8a552/element/b3055482-93a2-4676-970e-43b7a808721a/name HTTP/1.1
User-Agent: selenium/4.8.1 (java windows)
Cache-Control: no-cache
Content-Type: application/json; charset=utf-8
host: localhost:33686
accept: */*

Response DefaultHttpResponse(decodeResult: success, version: HTTP/1.1)
HTTP/1.1 200 OK
Content-Length: 18
Content-Type: application/json; charset=utf-8
cache-control: no-cache

16:12:27.280 [AsyncHttpClient-1-2] DEBUG org.asynchttpclient.netty.channel.ChannelManager - Adding key: http://localhost:33686 for channel [id: 0x1e4034e1, L:/127.0.0.1:50630 - R:localhost/127.0.0.1:33686]
16:12:27.283 [Forwarding getElementTagName on session 90dd082a64566af5413496e6e7a8a552 to remote] DEBUG org.asynchttpclient.netty.request.NettyRequestSender - Using pooled Channel '[id: 0x1e4034e1, L:/127.0.0.1:50630 - R:localhost/127.0.0.1:33686]' for 'GET' to 'http://localhost:33686/session/90dd082a64566af5413496e6e7a8a552/element/b3055482-93a2-4676-970e-43b7a808721a/name'
16:12:27.284 [Forwarding getElementTagName on session 90dd082a64566af5413496e6e7a8a552 to remote] DEBUG org.asynchttpclient.netty.request.NettyRequestSender - Using open Channel [id: 0x1e4034e1, L:/127.0.0.1:50630 - R:localhost/127.0.0.1:33686] for GET '/session/90dd082a64566af5413496e6e7a8a552/element/b3055482-93a2-4676-970e-43b7a808721a/name'
16:12:27.291 [AsyncHttpClient-1-2] DEBUG org.asynchttpclient.netty.handler.HttpHandler - 

Request DefaultFullHttpRequest(decodeResult: success, version: HTTP/1.1, content: EmptyByteBufBE)
GET /session/90dd082a64566af5413496e6e7a8a552/element/b3055482-93a2-4676-970e-43b7a808721a/name HTTP/1.1
User-Agent: selenium/4.8.1 (java windows)
Cache-Control: no-cache
Content-Type: application/json; charset=utf-8
host: localhost:33686
accept: */*

Response DefaultHttpResponse(decodeResult: success, version: HTTP/1.1)
HTTP/1.1 200 OK
Content-Length: 18
Content-Type: application/json; charset=utf-8
cache-control: no-cache

16:12:27.291 [AsyncHttpClient-1-2] DEBUG org.asynchttpclient.netty.channel.ChannelManager - Adding key: http://localhost:33686 for channel [id: 0x1e4034e1, L:/127.0.0.1:50630 - R:localhost/127.0.0.1:33686]
16:12:27.297 [Forwarding isElementEnabled on session 90dd082a64566af5413496e6e7a8a552 to remote] DEBUG org.asynchttpclient.netty.request.NettyRequestSender - Using pooled Channel '[id: 0x1e4034e1, L:/127.0.0.1:50630 - R:localhost/127.0.0.1:33686]' for 'GET' to 'http://localhost:33686/session/90dd082a64566af5413496e6e7a8a552/element/b3055482-93a2-4676-970e-43b7a808721a/enabled'
16:12:27.298 [Forwarding isElementEnabled on session 90dd082a64566af5413496e6e7a8a552 to remote] DEBUG org.asynchttpclient.netty.request.NettyRequestSender - Using open Channel [id: 0x1e4034e1, L:/127.0.0.1:50630 - R:localhost/127.0.0.1:33686] for GET '/session/90dd082a64566af5413496e6e7a8a552/element/b3055482-93a2-4676-970e-43b7a808721a/enabled'
16:12:27.382 [AsyncHttpClient-1-2] DEBUG org.asynchttpclient.netty.handler.HttpHandler - 

Request DefaultFullHttpRequest(decodeResult: success, version: HTTP/1.1, content: EmptyByteBufBE)
GET /session/90dd082a64566af5413496e6e7a8a552/element/b3055482-93a2-4676-970e-43b7a808721a/enabled HTTP/1.1
User-Agent: selenium/4.8.1 (java windows)
Cache-Control: no-cache
Content-Type: application/json; charset=utf-8
host: localhost:33686
accept: */*

Response DefaultHttpResponse(decodeResult: success, version: HTTP/1.1)
HTTP/1.1 200 OK
Content-Length: 14
Content-Type: application/json; charset=utf-8
cache-control: no-cache

16:12:27.382 [AsyncHttpClient-1-2] DEBUG org.asynchttpclient.netty.channel.ChannelManager - Adding key: http://localhost:33686 for channel [id: 0x1e4034e1, L:/127.0.0.1:50630 - R:localhost/127.0.0.1:33686]
16:12:27.384 [Forwarding isElementEnabled on session 90dd082a64566af5413496e6e7a8a552 to remote] DEBUG org.asynchttpclient.netty.request.NettyRequestSender - Using pooled Channel '[id: 0x1e4034e1, L:/127.0.0.1:50630 - R:localhost/127.0.0.1:33686]' for 'GET' to 'http://localhost:33686/session/90dd082a64566af5413496e6e7a8a552/element/b3055482-93a2-4676-970e-43b7a808721a/enabled'
16:12:27.385 [Forwarding isElementEnabled on session 90dd082a64566af5413496e6e7a8a552 to remote] DEBUG org.asynchttpclient.netty.request.NettyRequestSender - Using open Channel [id: 0x1e4034e1, L:/127.0.0.1:50630 - R:localhost/127.0.0.1:33686] for GET '/session/90dd082a64566af5413496e6e7a8a552/element/b3055482-93a2-4676-970e-43b7a808721a/enabled'
16:12:27.392 [AsyncHttpClient-1-2] DEBUG org.asynchttpclient.netty.handler.HttpHandler - 

Request DefaultFullHttpRequest(decodeResult: success, version: HTTP/1.1, content: EmptyByteBufBE)
GET /session/90dd082a64566af5413496e6e7a8a552/element/b3055482-93a2-4676-970e-43b7a808721a/enabled HTTP/1.1
User-Agent: selenium/4.8.1 (java windows)
Cache-Control: no-cache
Content-Type: application/json; charset=utf-8
host: localhost:33686
accept: */*

Response DefaultHttpResponse(decodeResult: success, version: HTTP/1.1)
HTTP/1.1 200 OK
Content-Length: 14
Content-Type: application/json; charset=utf-8
cache-control: no-cache

16:12:27.392 [AsyncHttpClient-1-2] DEBUG org.asynchttpclient.netty.channel.ChannelManager - Adding key: http://localhost:33686 for channel [id: 0x1e4034e1, L:/127.0.0.1:50630 - R:localhost/127.0.0.1:33686]
16:12:27.395 [Forwarding findElement on session 90dd082a64566af5413496e6e7a8a552 to remote] DEBUG org.asynchttpclient.netty.request.NettyRequestSender - Using pooled Channel '[id: 0x1e4034e1, L:/127.0.0.1:50630 - R:localhost/127.0.0.1:33686]' for 'POST' to 'http://localhost:33686/session/90dd082a64566af5413496e6e7a8a552/element'
16:12:27.395 [Forwarding findElement on session 90dd082a64566af5413496e6e7a8a552 to remote] DEBUG org.asynchttpclient.netty.request.NettyRequestSender - Using open Channel [id: 0x1e4034e1, L:/127.0.0.1:50630 - R:localhost/127.0.0.1:33686] for POST '/session/90dd082a64566af5413496e6e7a8a552/element'
16:12:27.396 [AsyncHttpClient-1-1] DEBUG org.asynchttpclient.netty.channel.DefaultChannelPool - Entry count for : http://localhost:50633 : 1
16:12:27.403 [AsyncHttpClient-1-2] DEBUG org.asynchttpclient.netty.handler.HttpHandler - 

Request DefaultHttpRequest(decodeResult: success, version: HTTP/1.1)
POST /session/90dd082a64566af5413496e6e7a8a552/element HTTP/1.1
User-Agent: selenium/4.8.1 (java windows)
Content-Length: 87
Content-Type: application/json; charset=utf-8
host: localhost:33686
accept: */*

Response DefaultHttpResponse(decodeResult: success, version: HTTP/1.1)
HTTP/1.1 200 OK
Content-Length: 88
Content-Type: application/json; charset=utf-8
cache-control: no-cache

16:12:27.403 [AsyncHttpClient-1-2] DEBUG org.asynchttpclient.netty.channel.ChannelManager - Adding key: http://localhost:33686 for channel [id: 0x1e4034e1, L:/127.0.0.1:50630 - R:localhost/127.0.0.1:33686]
16:12:27.404 [Forwarding clickElement on session 90dd082a64566af5413496e6e7a8a552 to remote] DEBUG org.asynchttpclient.netty.request.NettyRequestSender - Using pooled Channel '[id: 0x1e4034e1, L:/127.0.0.1:50630 - R:localhost/127.0.0.1:33686]' for 'POST' to 'http://localhost:33686/session/90dd082a64566af5413496e6e7a8a552/element/b3055482-93a2-4676-970e-43b7a808721a/click'
16:12:27.405 [Forwarding clickElement on session 90dd082a64566af5413496e6e7a8a552 to remote] DEBUG org.asynchttpclient.netty.request.NettyRequestSender - Using open Channel [id: 0x1e4034e1, L:/127.0.0.1:50630 - R:localhost/127.0.0.1:33686] for POST '/session/90dd082a64566af5413496e6e7a8a552/element/b3055482-93a2-4676-970e-43b7a808721a/click'
16:12:27.578 [AsyncHttpClient-1-2] DEBUG org.asynchttpclient.netty.handler.HttpHandler - 

Request DefaultHttpRequest(decodeResult: success, version: HTTP/1.1)
POST /session/90dd082a64566af5413496e6e7a8a552/element/b3055482-93a2-4676-970e-43b7a808721a/click HTTP/1.1
User-Agent: selenium/4.8.1 (java windows)
Content-Length: 50
Content-Type: application/json; charset=utf-8
host: localhost:33686
accept: */*

Response DefaultHttpResponse(decodeResult: success, version: HTTP/1.1)
HTTP/1.1 200 OK
Content-Length: 14
Content-Type: application/json; charset=utf-8
cache-control: no-cache

16:12:27.579 [AsyncHttpClient-1-2] DEBUG org.asynchttpclient.netty.channel.ChannelManager - Adding key: http://localhost:33686 for channel [id: 0x1e4034e1, L:/127.0.0.1:50630 - R:localhost/127.0.0.1:33686]
16:12:27.601 [Forwarding getAlertText on session 90dd082a64566af5413496e6e7a8a552 to remote] DEBUG org.asynchttpclient.netty.request.NettyRequestSender - Using pooled Channel '[id: 0x1e4034e1, L:/127.0.0.1:50630 - R:localhost/127.0.0.1:33686]' for 'GET' to 'http://localhost:33686/session/90dd082a64566af5413496e6e7a8a552/alert/text'
16:12:27.601 [Forwarding getAlertText on session 90dd082a64566af5413496e6e7a8a552 to remote] DEBUG org.asynchttpclient.netty.request.NettyRequestSender - Using open Channel [id: 0x1e4034e1, L:/127.0.0.1:50630 - R:localhost/127.0.0.1:33686] for GET '/session/90dd082a64566af5413496e6e7a8a552/alert/text'
16:12:27.716 [AsyncHttpClient-1-2] DEBUG org.asynchttpclient.netty.handler.HttpHandler - 

Request DefaultFullHttpRequest(decodeResult: success, version: HTTP/1.1, content: EmptyByteBufBE)
GET /session/90dd082a64566af5413496e6e7a8a552/alert/text HTTP/1.1
User-Agent: selenium/4.8.1 (java windows)
Cache-Control: no-cache
Content-Type: application/json; charset=utf-8
host: localhost:33686
accept: */*

Response DefaultHttpResponse(decodeResult: success, version: HTTP/1.1)
HTTP/1.1 404 Not Found
Content-Length: 836
Content-Type: application/json; charset=utf-8
cache-control: no-cache

16:12:27.716 [AsyncHttpClient-1-2] DEBUG org.asynchttpclient.netty.channel.ChannelManager - Adding key: http://localhost:33686 for channel [id: 0x1e4034e1, L:/127.0.0.1:50630 - R:localhost/127.0.0.1:33686]
16:12:27.718 [Forwarding getCurrentUrl on session 90dd082a64566af5413496e6e7a8a552 to remote] DEBUG org.asynchttpclient.netty.request.NettyRequestSender - Using pooled Channel '[id: 0x1e4034e1, L:/127.0.0.1:50630 - R:localhost/127.0.0.1:33686]' for 'GET' to 'http://localhost:33686/session/90dd082a64566af5413496e6e7a8a552/url'
16:12:27.719 [Forwarding getCurrentUrl on session 90dd082a64566af5413496e6e7a8a552 to remote] DEBUG org.asynchttpclient.netty.request.NettyRequestSender - Using open Channel [id: 0x1e4034e1, L:/127.0.0.1:50630 - R:localhost/127.0.0.1:33686] for GET '/session/90dd082a64566af5413496e6e7a8a552/url'
16:12:27.724 [AsyncHttpClient-1-2] DEBUG org.asynchttpclient.netty.handler.HttpHandler - 

Request DefaultFullHttpRequest(decodeResult: success, version: HTTP/1.1, content: EmptyByteBufBE)
GET /session/90dd082a64566af5413496e6e7a8a552/url HTTP/1.1
User-Agent: selenium/4.8.1 (java windows)
Cache-Control: no-cache
Content-Type: application/json; charset=utf-8
host: localhost:33686
accept: */*

Response DefaultHttpResponse(decodeResult: success, version: HTTP/1.1)
HTTP/1.1 200 OK
Content-Length: 51
Content-Type: application/json; charset=utf-8
cache-control: no-cache

16:12:27.724 [AsyncHttpClient-1-2] DEBUG org.asynchttpclient.netty.channel.ChannelManager - Adding key: http://localhost:33686 for channel [id: 0x1e4034e1, L:/127.0.0.1:50630 - R:localhost/127.0.0.1:33686]
16:12:27.725 [Forwarding screenshot on session 90dd082a64566af5413496e6e7a8a552 to remote] DEBUG org.asynchttpclient.netty.request.NettyRequestSender - Using pooled Channel '[id: 0x1e4034e1, L:/127.0.0.1:50630 - R:localhost/127.0.0.1:33686]' for 'GET' to 'http://localhost:33686/session/90dd082a64566af5413496e6e7a8a552/screenshot'
16:12:27.725 [Forwarding screenshot on session 90dd082a64566af5413496e6e7a8a552 to remote] DEBUG org.asynchttpclient.netty.request.NettyRequestSender - Using open Channel [id: 0x1e4034e1, L:/127.0.0.1:50630 - R:localhost/127.0.0.1:33686] for GET '/session/90dd082a64566af5413496e6e7a8a552/screenshot'
16:12:28.487 [AsyncHttpClient-1-1] DEBUG org.asynchttpclient.netty.channel.DefaultChannelPool - Entry count for : http://localhost:50633 : 1
16:12:29.587 [AsyncHttpClient-1-1] DEBUG org.asynchttpclient.netty.channel.DefaultChannelPool - Entry count for : http://localhost:50633 : 1
16:12:30.689 [AsyncHttpClient-1-1] DEBUG org.asynchttpclient.netty.channel.DefaultChannelPool - Entry count for : http://localhost:50633 : 1
16:12:31.786 [AsyncHttpClient-1-1] DEBUG org.asynchttpclient.netty.channel.DefaultChannelPool - Entry count for : http://localhost:50633 : 1
16:12:32.863 [AsyncHttpClient-1-2] DEBUG org.asynchttpclient.netty.handler.HttpHandler - 

Request DefaultFullHttpRequest(decodeResult: success, version: HTTP/1.1, content: EmptyByteBufBE)
GET /session/90dd082a64566af5413496e6e7a8a552/screenshot HTTP/1.1
User-Agent: selenium/4.8.1 (java windows)
Cache-Control: no-cache
Content-Type: application/json; charset=utf-8
host: localhost:33686
accept: */*

Response DefaultHttpResponse(decodeResult: success, version: HTTP/1.1)
HTTP/1.1 200 OK
Content-Length: 24076
Content-Type: application/json; charset=utf-8
cache-control: no-cache

16:12:32.864 [AsyncHttpClient-1-2] DEBUG org.asynchttpclient.netty.channel.ChannelManager - Adding key: http://localhost:33686 for channel [id: 0x1e4034e1, L:/127.0.0.1:50630 - R:localhost/127.0.0.1:33686]
16:12:32.868 [main] DEBUG net.serenitybdd.core.photography.Darkroom - Send negative for processing for target\site\serenity\434d7dbc0f1ef65c5c8ccc568870b6c525e36ccb6619320c280ddfeb08c9f31d.png
16:12:32.868 [Darkroom Processing Line] DEBUG net.serenitybdd.core.photography.DarkroomProcessingLine - Processing screenshot image in /var/screenshots/screenshot-3122253397553121078
16:12:32.868 [Darkroom Processing Line] DEBUG net.serenitybdd.core.photography.DarkroomProcessingLine - Saving screenshot to target\site\serenity\434d7dbc0f1ef65c5c8ccc568870b6c525e36ccb6619320c280ddfeb08c9f31d.png
16:12:32.868 [main] DEBUG net.thucydides.core.steps.StepInterceptor - STEP DONE: clickLogin
16:12:32.879 [Forwarding getPageSource on session 90dd082a64566af5413496e6e7a8a552 to remote] DEBUG org.asynchttpclient.netty.request.NettyRequestSender - Using pooled Channel '[id: 0x1e4034e1, L:/127.0.0.1:50630 - R:localhost/127.0.0.1:33686]' for 'POST' to 'http://localhost:33686/session/90dd082a64566af5413496e6e7a8a552/execute/sync'
16:12:32.879 [Forwarding getPageSource on session 90dd082a64566af5413496e6e7a8a552 to remote] DEBUG org.asynchttpclient.netty.request.NettyRequestSender - Using open Channel [id: 0x1e4034e1, L:/127.0.0.1:50630 - R:localhost/127.0.0.1:33686] for POST '/session/90dd082a64566af5413496e6e7a8a552/execute/sync'
16:12:32.887 [AsyncHttpClient-1-2] DEBUG org.asynchttpclient.netty.handler.HttpHandler - 

Request DefaultHttpRequest(decodeResult: success, version: HTTP/1.1)
POST /session/90dd082a64566af5413496e6e7a8a552/execute/sync HTTP/1.1
User-Agent: selenium/4.8.1 (java windows)
Content-Length: 176
Content-Type: application/json; charset=utf-8
host: localhost:33686
accept: */*

Response DefaultHttpResponse(decodeResult: success, version: HTTP/1.1)
HTTP/1.1 200 OK
Content-Length: 21667
Content-Type: application/json; charset=utf-8
cache-control: no-cache

16:12:32.888 [AsyncHttpClient-1-2] DEBUG org.asynchttpclient.netty.channel.ChannelManager - Adding key: http://localhost:33686 for channel [id: 0x1e4034e1, L:/127.0.0.1:50630 - R:localhost/127.0.0.1:33686]
16:12:32.893 [AsyncHttpClient-1-1] DEBUG org.asynchttpclient.netty.channel.DefaultChannelPool - Entry count for : http://localhost:50633 : 1
16:12:32.893 [AsyncHttpClient-1-1] DEBUG org.asynchttpclient.netty.channel.DefaultChannelPool - Entry count for : http://localhost:33686 : 1
16:12:32.907 [Forwarding getCurrentUrl on session 90dd082a64566af5413496e6e7a8a552 to remote] DEBUG org.asynchttpclient.netty.request.NettyRequestSender - Using pooled Channel '[id: 0x1e4034e1, L:/127.0.0.1:50630 - R:localhost/127.0.0.1:33686]' for 'GET' to 'http://localhost:33686/session/90dd082a64566af5413496e6e7a8a552/url'
16:12:32.907 [Forwarding getCurrentUrl on session 90dd082a64566af5413496e6e7a8a552 to remote] DEBUG org.asynchttpclient.netty.request.NettyRequestSender - Using open Channel [id: 0x1e4034e1, L:/127.0.0.1:50630 - R:localhost/127.0.0.1:33686] for GET '/session/90dd082a64566af5413496e6e7a8a552/url'
16:12:32.913 [AsyncHttpClient-1-2] DEBUG org.asynchttpclient.netty.handler.HttpHandler - 

Request DefaultFullHttpRequest(decodeResult: success, version: HTTP/1.1, content: EmptyByteBufBE)
GET /session/90dd082a64566af5413496e6e7a8a552/url HTTP/1.1
User-Agent: selenium/4.8.1 (java windows)
Cache-Control: no-cache
Content-Type: application/json; charset=utf-8
host: localhost:33686
accept: */*

Response DefaultHttpResponse(decodeResult: success, version: HTTP/1.1)
HTTP/1.1 200 OK
Content-Length: 51
Content-Type: application/json; charset=utf-8
cache-control: no-cache

16:12:32.913 [AsyncHttpClient-1-2] DEBUG org.asynchttpclient.netty.channel.ChannelManager - Adding key: http://localhost:33686 for channel [id: 0x1e4034e1, L:/127.0.0.1:50630 - R:localhost/127.0.0.1:33686]
16:12:32.916 [main] DEBUG net.thucydides.core.steps.StepInterceptor - STARTING STEP: LoginSteps.clickLoginButton - validateOnLoginPage
16:12:32.921 [Forwarding findElement on session 90dd082a64566af5413496e6e7a8a552 to remote] DEBUG org.asynchttpclient.netty.request.NettyRequestSender - Using pooled Channel '[id: 0x1e4034e1, L:/127.0.0.1:50630 - R:localhost/127.0.0.1:33686]' for 'POST' to 'http://localhost:33686/session/90dd082a64566af5413496e6e7a8a552/element'
16:12:32.921 [Forwarding findElement on session 90dd082a64566af5413496e6e7a8a552 to remote] DEBUG org.asynchttpclient.netty.request.NettyRequestSender - Using open Channel [id: 0x1e4034e1, L:/127.0.0.1:50630 - R:localhost/127.0.0.1:33686] for POST '/session/90dd082a64566af5413496e6e7a8a552/element'
16:12:32.934 [AsyncHttpClient-1-2] DEBUG org.asynchttpclient.netty.handler.HttpHandler - 

Request DefaultHttpRequest(decodeResult: success, version: HTTP/1.1)
POST /session/90dd082a64566af5413496e6e7a8a552/element HTTP/1.1
User-Agent: selenium/4.8.1 (java windows)
Content-Length: 63
Content-Type: application/json; charset=utf-8
host: localhost:33686
accept: */*

Response DefaultHttpResponse(decodeResult: success, version: HTTP/1.1)
HTTP/1.1 200 OK
Content-Length: 88
Content-Type: application/json; charset=utf-8
cache-control: no-cache

16:12:32.935 [AsyncHttpClient-1-2] DEBUG org.asynchttpclient.netty.channel.ChannelManager - Adding key: http://localhost:33686 for channel [id: 0x1e4034e1, L:/127.0.0.1:50630 - R:localhost/127.0.0.1:33686]
16:12:32.943 [Forwarding isElementDisplayed on session 90dd082a64566af5413496e6e7a8a552 to remote] DEBUG org.asynchttpclient.netty.request.NettyRequestSender - Using pooled Channel '[id: 0x1e4034e1, L:/127.0.0.1:50630 - R:localhost/127.0.0.1:33686]' for 'POST' to 'http://localhost:33686/session/90dd082a64566af5413496e6e7a8a552/execute/sync'
16:12:32.943 [Forwarding isElementDisplayed on session 90dd082a64566af5413496e6e7a8a552 to remote] DEBUG org.asynchttpclient.netty.request.NettyRequestSender - Using open Channel [id: 0x1e4034e1, L:/127.0.0.1:50630 - R:localhost/127.0.0.1:33686] for POST '/session/90dd082a64566af5413496e6e7a8a552/execute/sync'
16:12:32.960 [AsyncHttpClient-1-2] DEBUG org.asynchttpclient.netty.handler.HttpHandler - 

Request DefaultHttpRequest(decodeResult: success, version: HTTP/1.1)
POST /session/90dd082a64566af5413496e6e7a8a552/execute/sync HTTP/1.1
User-Agent: selenium/4.8.1 (java windows)
Content-Length: 48807
Content-Type: application/json; charset=utf-8
host: localhost:33686
accept: */*

Response DefaultHttpResponse(decodeResult: success, version: HTTP/1.1)
HTTP/1.1 200 OK
Content-Length: 14
Content-Type: application/json; charset=utf-8
cache-control: no-cache

16:12:32.960 [AsyncHttpClient-1-2] DEBUG org.asynchttpclient.netty.channel.ChannelManager - Adding key: http://localhost:33686 for channel [id: 0x1e4034e1, L:/127.0.0.1:50630 - R:localhost/127.0.0.1:33686]
16:12:32.967 [Forwarding getAlertText on session 90dd082a64566af5413496e6e7a8a552 to remote] DEBUG org.asynchttpclient.netty.request.NettyRequestSender - Using pooled Channel '[id: 0x1e4034e1, L:/127.0.0.1:50630 - R:localhost/127.0.0.1:33686]' for 'GET' to 'http://localhost:33686/session/90dd082a64566af5413496e6e7a8a552/alert/text'
16:12:32.967 [Forwarding getAlertText on session 90dd082a64566af5413496e6e7a8a552 to remote] DEBUG org.asynchttpclient.netty.request.NettyRequestSender - Using open Channel [id: 0x1e4034e1, L:/127.0.0.1:50630 - R:localhost/127.0.0.1:33686] for GET '/session/90dd082a64566af5413496e6e7a8a552/alert/text'
16:12:32.970 [AsyncHttpClient-1-2] DEBUG org.asynchttpclient.netty.handler.HttpHandler - 

Request DefaultFullHttpRequest(decodeResult: success, version: HTTP/1.1, content: EmptyByteBufBE)
GET /session/90dd082a64566af5413496e6e7a8a552/alert/text HTTP/1.1
User-Agent: selenium/4.8.1 (java windows)
Cache-Control: no-cache
Content-Type: application/json; charset=utf-8
host: localhost:33686
accept: */*

Response DefaultHttpResponse(decodeResult: success, version: HTTP/1.1)
HTTP/1.1 404 Not Found
Content-Length: 836
Content-Type: application/json; charset=utf-8
cache-control: no-cache

16:12:32.970 [AsyncHttpClient-1-2] DEBUG org.asynchttpclient.netty.channel.ChannelManager - Adding key: http://localhost:33686 for channel [id: 0x1e4034e1, L:/127.0.0.1:50630 - R:localhost/127.0.0.1:33686]
16:12:32.972 [Forwarding getCurrentUrl on session 90dd082a64566af5413496e6e7a8a552 to remote] DEBUG org.asynchttpclient.netty.request.NettyRequestSender - Using pooled Channel '[id: 0x1e4034e1, L:/127.0.0.1:50630 - R:localhost/127.0.0.1:33686]' for 'GET' to 'http://localhost:33686/session/90dd082a64566af5413496e6e7a8a552/url'
16:12:32.972 [Forwarding getCurrentUrl on session 90dd082a64566af5413496e6e7a8a552 to remote] DEBUG org.asynchttpclient.netty.request.NettyRequestSender - Using open Channel [id: 0x1e4034e1, L:/127.0.0.1:50630 - R:localhost/127.0.0.1:33686] for GET '/session/90dd082a64566af5413496e6e7a8a552/url'
16:12:32.976 [AsyncHttpClient-1-2] DEBUG org.asynchttpclient.netty.handler.HttpHandler - 

Request DefaultFullHttpRequest(decodeResult: success, version: HTTP/1.1, content: EmptyByteBufBE)
GET /session/90dd082a64566af5413496e6e7a8a552/url HTTP/1.1
User-Agent: selenium/4.8.1 (java windows)
Cache-Control: no-cache
Content-Type: application/json; charset=utf-8
host: localhost:33686
accept: */*

Response DefaultHttpResponse(decodeResult: success, version: HTTP/1.1)
HTTP/1.1 200 OK
Content-Length: 51
Content-Type: application/json; charset=utf-8
cache-control: no-cache

16:12:32.976 [AsyncHttpClient-1-2] DEBUG org.asynchttpclient.netty.channel.ChannelManager - Adding key: http://localhost:33686 for channel [id: 0x1e4034e1, L:/127.0.0.1:50630 - R:localhost/127.0.0.1:33686]
16:12:32.978 [Forwarding screenshot on session 90dd082a64566af5413496e6e7a8a552 to remote] DEBUG org.asynchttpclient.netty.request.NettyRequestSender - Using pooled Channel '[id: 0x1e4034e1, L:/127.0.0.1:50630 - R:localhost/127.0.0.1:33686]' for 'GET' to 'http://localhost:33686/session/90dd082a64566af5413496e6e7a8a552/screenshot'
16:12:32.978 [Forwarding screenshot on session 90dd082a64566af5413496e6e7a8a552 to remote] DEBUG org.asynchttpclient.netty.request.NettyRequestSender - Using open Channel [id: 0x1e4034e1, L:/127.0.0.1:50630 - R:localhost/127.0.0.1:33686] for GET '/session/90dd082a64566af5413496e6e7a8a552/screenshot'
16:12:33.039 [AsyncHttpClient-1-2] DEBUG org.asynchttpclient.netty.handler.HttpHandler - 

Request DefaultFullHttpRequest(decodeResult: success, version: HTTP/1.1, content: EmptyByteBufBE)
GET /session/90dd082a64566af5413496e6e7a8a552/screenshot HTTP/1.1
User-Agent: selenium/4.8.1 (java windows)
Cache-Control: no-cache
Content-Type: application/json; charset=utf-8
host: localhost:33686
accept: */*

Response DefaultHttpResponse(decodeResult: success, version: HTTP/1.1)
HTTP/1.1 200 OK
Content-Length: 24076
Content-Type: application/json; charset=utf-8
cache-control: no-cache

16:12:33.039 [AsyncHttpClient-1-2] DEBUG org.asynchttpclient.netty.channel.ChannelManager - Adding key: http://localhost:33686 for channel [id: 0x1e4034e1, L:/127.0.0.1:50630 - R:localhost/127.0.0.1:33686]
16:12:33.040 [main] DEBUG net.serenitybdd.core.photography.Darkroom - Send negative for processing for target\site\serenity\434d7dbc0f1ef65c5c8ccc568870b6c525e36ccb6619320c280ddfeb08c9f31d.png
16:12:33.041 [main] DEBUG net.thucydides.core.steps.StepInterceptor - STEP DONE: validateOnLoginPage
  &amp#27;[32mWhen &amp#27;[0m&amp#27;[32mI click login button&amp#27;[0m                                &amp#27;[90m# starter.stepdefinitions.LoginSteps.clickLoginButton()&amp#27;[0m
16:12:33.052 [Forwarding getPageSource on session 90dd082a64566af5413496e6e7a8a552 to remote] DEBUG org.asynchttpclient.netty.request.NettyRequestSender - Using pooled Channel '[id: 0x1e4034e1, L:/127.0.0.1:50630 - R:localhost/127.0.0.1:33686]' for 'POST' to 'http://localhost:33686/session/90dd082a64566af5413496e6e7a8a552/execute/sync'
16:12:33.052 [Forwarding getPageSource on session 90dd082a64566af5413496e6e7a8a552 to remote] DEBUG org.asynchttpclient.netty.request.NettyRequestSender - Using open Channel [id: 0x1e4034e1, L:/127.0.0.1:50630 - R:localhost/127.0.0.1:33686] for POST '/session/90dd082a64566af5413496e6e7a8a552/execute/sync'
16:12:33.058 [AsyncHttpClient-1-2] DEBUG org.asynchttpclient.netty.handler.HttpHandler - 

Request DefaultHttpRequest(decodeResult: success, version: HTTP/1.1)
POST /session/90dd082a64566af5413496e6e7a8a552/execute/sync HTTP/1.1
User-Agent: selenium/4.8.1 (java windows)
Content-Length: 176
Content-Type: application/json; charset=utf-8
host: localhost:33686
accept: */*

Response DefaultHttpResponse(decodeResult: success, version: HTTP/1.1)
HTTP/1.1 200 OK
Content-Length: 21667
Content-Type: application/json; charset=utf-8
cache-control: no-cache

16:12:33.058 [AsyncHttpClient-1-2] DEBUG org.asynchttpclient.netty.channel.ChannelManager - Adding key: http://localhost:33686 for channel [id: 0x1e4034e1, L:/127.0.0.1:50630 - R:localhost/127.0.0.1:33686]
16:12:33.062 [Forwarding getCurrentUrl on session 90dd082a64566af5413496e6e7a8a552 to remote] DEBUG org.asynchttpclient.netty.request.NettyRequestSender - Using pooled Channel '[id: 0x1e4034e1, L:/127.0.0.1:50630 - R:localhost/127.0.0.1:33686]' for 'GET' to 'http://localhost:33686/session/90dd082a64566af5413496e6e7a8a552/url'
16:12:33.062 [Forwarding getCurrentUrl on session 90dd082a64566af5413496e6e7a8a552 to remote] DEBUG org.asynchttpclient.netty.request.NettyRequestSender - Using open Channel [id: 0x1e4034e1, L:/127.0.0.1:50630 - R:localhost/127.0.0.1:33686] for GET '/session/90dd082a64566af5413496e6e7a8a552/url'
16:12:33.066 [AsyncHttpClient-1-2] DEBUG org.asynchttpclient.netty.handler.HttpHandler - 

Request DefaultFullHttpRequest(decodeResult: success, version: HTTP/1.1, content: EmptyByteBufBE)
GET /session/90dd082a64566af5413496e6e7a8a552/url HTTP/1.1
User-Agent: selenium/4.8.1 (java windows)
Cache-Control: no-cache
Content-Type: application/json; charset=utf-8
host: localhost:33686
accept: */*

Response DefaultHttpResponse(decodeResult: success, version: HTTP/1.1)
HTTP/1.1 200 OK
Content-Length: 51
Content-Type: application/json; charset=utf-8
cache-control: no-cache

16:12:33.066 [AsyncHttpClient-1-2] DEBUG org.asynchttpclient.netty.channel.ChannelManager - Adding key: http://localhost:33686 for channel [id: 0x1e4034e1, L:/127.0.0.1:50630 - R:localhost/127.0.0.1:33686]
16:12:33.076 [Forwarding getPageSource on session 90dd082a64566af5413496e6e7a8a552 to remote] DEBUG org.asynchttpclient.netty.request.NettyRequestSender - Using pooled Channel '[id: 0x1e4034e1, L:/127.0.0.1:50630 - R:localhost/127.0.0.1:33686]' for 'POST' to 'http://localhost:33686/session/90dd082a64566af5413496e6e7a8a552/execute/sync'
16:12:33.076 [Forwarding getPageSource on session 90dd082a64566af5413496e6e7a8a552 to remote] DEBUG org.asynchttpclient.netty.request.NettyRequestSender - Using open Channel [id: 0x1e4034e1, L:/127.0.0.1:50630 - R:localhost/127.0.0.1:33686] for POST '/session/90dd082a64566af5413496e6e7a8a552/execute/sync'
16:12:33.081 [AsyncHttpClient-1-2] DEBUG org.asynchttpclient.netty.handler.HttpHandler - 

Request DefaultHttpRequest(decodeResult: success, version: HTTP/1.1)
POST /session/90dd082a64566af5413496e6e7a8a552/execute/sync HTTP/1.1
User-Agent: selenium/4.8.1 (java windows)
Content-Length: 176
Content-Type: application/json; charset=utf-8
host: localhost:33686
accept: */*

Response DefaultHttpResponse(decodeResult: success, version: HTTP/1.1)
HTTP/1.1 200 OK
Content-Length: 21667
Content-Type: application/json; charset=utf-8
cache-control: no-cache

16:12:33.081 [AsyncHttpClient-1-2] DEBUG org.asynchttpclient.netty.channel.ChannelManager - Adding key: http://localhost:33686 for channel [id: 0x1e4034e1, L:/127.0.0.1:50630 - R:localhost/127.0.0.1:33686]
16:12:33.085 [Forwarding getCurrentUrl on session 90dd082a64566af5413496e6e7a8a552 to remote] DEBUG org.asynchttpclient.netty.request.NettyRequestSender - Using pooled Channel '[id: 0x1e4034e1, L:/127.0.0.1:50630 - R:localhost/127.0.0.1:33686]' for 'GET' to 'http://localhost:33686/session/90dd082a64566af5413496e6e7a8a552/url'
[...]
16:12:55.241 [main] INFO  - 
  _____   ___   ___   _____     ___   _____     _     ___   _____   ___   ___  
 |_   _| | __| / __| |_   _|   / __| |_   _|   /_\   | _ \ |_   _| | __| |   \ 
   | |   | _|  \__ \   | |     \__ \   | |    / _ \  |   /   | |   | _|  | |) |
   |_|   |___| |___/   |_|     |___/   |_|   /_/ \_\ |_|_\   |_|   |___| |___/ 

As a user i have be able to see detail(user-have-be-able-to-see-detail;as-a-user-i-have-be-able-to-see-detail)
--------------------------------------------------------------------------------
16:12:55.330 [main] DEBUG net.thucydides.core.steps.StepInterceptor - STARTING STEP: DetailSteps.onTheHomePage - validateOnHomePage
16:12:55.333 [main] DEBUG net.thucydides.core.steps.StepInterceptor - STEP DONE: validateOnHomePage
  &amp#27;[32mGiven &amp#27;[0m&amp#27;[32mI am on the home page 2&amp#27;[0m                  &amp#27;[90m# starter.stepdefinitions.DetailSteps.onTheHomePage()&amp#27;[0m
16:12:55.337 [main] DEBUG net.thucydides.core.steps.StepInterceptor - STARTING STEP: DetailSteps.clickDetail - clickDetail
16:12:55.341 [main] DEBUG net.thucydides.core.steps.StepInterceptor - STEP DONE: clickDetail
  &amp#27;[32mWhen &amp#27;[0m&amp#27;[32mI click detail&amp#27;[0m                            &amp#27;[90m# starter.stepdefinitions.DetailSteps.clickDetail()&amp#27;[0m
16:12:55.345 [main] DEBUG net.thucydides.core.steps.StepInterceptor - STARTING STEP: DetailSteps.seeProductDetail - validateOndetailPage
16:12:55.347 [main] DEBUG net.thucydides.core.steps.StepInterceptor - STEP DONE: validateOndetailPage
16:12:55.348 [main] DEBUG net.thucydides.core.steps.StepInterceptor - STARTING STEP: DetailSteps.seeProductDetail - clickHome
16:12:55.350 [main] DEBUG net.thucydides.core.steps.StepInterceptor - STEP DONE: clickHome
  &amp#27;[32mThen &amp#27;[0m&amp#27;[32mI can see product detail&amp#27;[0m                  &amp#27;[90m# starter.stepdefinitions.DetailSteps.seeProductDetail()&amp#27;[0m
16:12:55.353 [main] INFO  - 
  _____   ___   ___   _____     ___     _     ___   ___   ___   ___  
 |_   _| | __| / __| |_   _|   | _ \   /_\   / __| / __| | __| |   \ 
   | |   | _|  \__ \   | |     |  _/  / _ \  \__ \ \__ \ | _|  | |) |
   |_|   |___| |___/   |_|     |_|   /_/ \_\ |___/ |___/ |___| |___/ 

As a user i have be able to see detail
----------------------------------------------------------------------
]]></system-out>
  </testcase>
  <testcase name="As a user i have be able to make order" classname="User have be able to make order" time="0.214">
    <system-out><![CDATA[16:12:55.354 [main] DEBUG io.cucumber.core.plugin.SerenityReporter - Running feature from file:///C:/Users/ASUS/Documents/GitHub/Mini-Project/WebTesting/src/test/resources/features/3_Order.feature
16:12:55.357 [main] DEBUG net.thucydides.core.steps.StepEventBus - Test suite started for story net.thucydides.core.model.Story@913a755
16:12:55.358 [main] INFO  - Test Suite Started: User have be able to make order

Scenario: As a user i have be able to make order &amp#27;[90m# src/test/resources/features/3_Order.feature:6&amp#27;[0m
16:12:55.363 [main] DEBUG io.cucumber.core.plugin.SerenityReporter - Running feature from file:///C:/Users/ASUS/Documents/GitHub/Mini-Project/WebTesting/src/test/resources/features/3_Order.feature
16:12:55.365 [main] INFO  - 
  _____   ___   ___   _____     ___   _____     _     ___   _____   ___   ___  
 |_   _| | __| / __| |_   _|   / __| |_   _|   /_\   | _ \ |_   _| | __| |   \ 
   | |   | _|  \__ \   | |     \__ \   | |    / _ \  |   /   | |   | _|  | |) |
   |_|   |___| |___/   |_|     |___/   |_|   /_/ \_\ |_|_\   |_|   |___| |___/ 

As a user i have be able to make order(user-have-be-able-to-make-order;as-a-user-i-have-be-able-to-make-order)
--------------------------------------------------------------------------------
16:12:55.522 [main] DEBUG net.thucydides.core.steps.StepInterceptor - STARTING STEP: OrderSteps.onTheHomePage - validateOnHomePage
16:12:55.523 [main] DEBUG net.thucydides.core.steps.StepInterceptor - STEP DONE: validateOnHomePage
  &amp#27;[32mGiven &amp#27;[0m&amp#27;[32mI am on the home page 3&amp#27;[0m                  &amp#27;[90m# starter.stepdefinitions.OrderSteps.onTheHomePage()&amp#27;[0m
16:12:55.529 [main] DEBUG net.thucydides.core.steps.StepInterceptor - STARTING STEP: OrderSteps.clickBuyButton - clickBuy
16:12:55.534 [main] DEBUG net.thucydides.core.steps.StepInterceptor - STEP DONE: clickBuy
  &amp#27;[32mWhen &amp#27;[0m&amp#27;[32mI click buy button&amp#27;[0m                        &amp#27;[90m# starter.stepdefinitions.OrderSteps.clickBuyButton()&amp#27;[0m
16:12:55.539 [main] DEBUG net.thucydides.core.steps.StepInterceptor - STARTING STEP: OrderSteps.clickCartButton - clickCart
16:12:55.543 [main] DEBUG net.thucydides.core.steps.StepInterceptor - STEP DONE: clickCart
  &amp#27;[32mAnd &amp#27;[0m&amp#27;[32mI click cart button&amp#27;[0m                        &amp#27;[90m# starter.stepdefinitions.OrderSteps.clickCartButton()&amp#27;[0m
16:12:55.548 [main] DEBUG net.thucydides.core.steps.StepInterceptor - STARTING STEP: OrderSteps.goToPaymentPage - validateOnCartPage
16:12:55.551 [main] DEBUG net.thucydides.core.steps.StepInterceptor - STEP DONE: validateOnCartPage
  &amp#27;[32mAnd &amp#27;[0m&amp#27;[32mI go to payment page&amp#27;[0m                       &amp#27;[90m# starter.stepdefinitions.OrderSteps.goToPaymentPage()&amp#27;[0m
16:12:55.557 [main] DEBUG net.thucydides.core.steps.StepInterceptor - STARTING STEP: OrderSteps.clickPayButton - clickBayar
16:12:55.560 [main] DEBUG net.thucydides.core.steps.StepInterceptor - STEP DONE: clickBayar
  &amp#27;[32mAnd &amp#27;[0m&amp#27;[32mI click pay button&amp#27;[0m                         &amp#27;[90m# starter.stepdefinitions.OrderSteps.clickPayButton()&amp#27;[0m
16:12:55.564 [main] DEBUG net.thucydides.core.steps.StepInterceptor - STARTING STEP: OrderSteps.canSeeTransaction - validateOnHomePage
16:12:55.565 [main] DEBUG net.thucydides.core.steps.StepInterceptor - STEP DONE: validateOnHomePage
16:12:55.566 [main] DEBUG net.thucydides.core.steps.StepInterceptor - STARTING STEP: OrderSteps.canSeeTransaction - clickHome
16:12:55.570 [main] DEBUG net.thucydides.core.steps.StepInterceptor - STEP DONE: clickHome
  &amp#27;[32mThen &amp#27;[0m&amp#27;[32mI can see transaction detail&amp#27;[0m              &amp#27;[90m# starter.stepdefinitions.OrderSteps.canSeeTransaction()&amp#27;[0m
16:12:55.572 [main] INFO  - 
  _____   ___   ___   _____     ___     _     ___   ___   ___   ___  
 |_   _| | __| / __| |_   _|   | _ \   /_\   / __| / __| | __| |   \ 
   | |   | _|  \__ \   | |     |  _/  / _ \  \__ \ \__ \ | _|  | |) |
   |_|   |___| |___/   |_|     |_|   /_/ \_\ |___/ |___/ |___| |___/ 

As a user i have be able to make order
----------------------------------------------------------------------
]]></system-out>
  </testcase>
  <testcase name="As a user i have be able to log out" classname="User have be able to log out" time="0.057">
    <system-out><![CDATA[16:12:55.574 [main] DEBUG io.cucumber.core.plugin.SerenityReporter - Running feature from file:///C:/Users/ASUS/Documents/GitHub/Mini-Project/WebTesting/src/test/resources/features/4_Logout.feature
16:12:55.578 [main] DEBUG net.thucydides.core.steps.StepEventBus - Test suite started for story net.thucydides.core.model.Story@74b320be
16:12:55.580 [main] INFO  - Test Suite Started: User have be able to log out

Scenario: As a user i have be able to log out &amp#27;[90m# src/test/resources/features/4_Logout.feature:5&amp#27;[0m
16:12:55.586 [main] DEBUG io.cucumber.core.plugin.SerenityReporter - Running feature from file:///C:/Users/ASUS/Documents/GitHub/Mini-Project/WebTesting/src/test/resources/features/4_Logout.feature
16:12:55.589 [main] INFO  - 
  _____   ___   ___   _____     ___   _____     _     ___   _____   ___   ___  
 |_   _| | __| / __| |_   _|   / __| |_   _|   /_\   | _ \ |_   _| | __| |   \ 
   | |   | _|  \__ \   | |     \__ \   | |    / _ \  |   /   | |   | _|  | |) |
   |_|   |___| |___/   |_|     |___/   |_|   /_/ \_\ |_|_\   |_|   |___| |___/ 

As a user i have be able to log out(user-have-be-able-to-log-out;as-a-user-i-have-be-able-to-log-out)
--------------------------------------------------------------------------------
16:12:55.617 [main] DEBUG net.thucydides.core.steps.StepInterceptor - STARTING STEP: LogoutSteps.onTheHomePage - validateOnHomePage
16:12:55.619 [main] DEBUG net.thucydides.core.steps.StepInterceptor - STEP DONE: validateOnHomePage
  &amp#27;[32mGiven &amp#27;[0m&amp#27;[32mI am on the home page 4&amp#27;[0m               &amp#27;[90m# starter.stepdefinitions.LogoutSteps.onTheHomePage()&amp#27;[0m
16:12:55.623 [main] DEBUG net.thucydides.core.steps.StepInterceptor - STARTING STEP: LogoutSteps.clickAccountButton - clickAccount
16:12:55.626 [main] DEBUG net.thucydides.core.steps.StepInterceptor - STEP DONE: clickAccount
  &amp#27;[32mWhen &amp#27;[0m&amp#27;[32mI click account button&amp#27;[0m                 &amp#27;[90m# starter.stepdefinitions.LogoutSteps.clickAccountButton()&amp#27;[0m
16:12:55.629 [main] DEBUG net.thucydides.core.steps.StepInterceptor - STARTING STEP: LogoutSteps.clickLogOut - clickLogout
16:12:55.631 [main] DEBUG net.thucydides.core.steps.StepInterceptor - STEP DONE: clickLogout
  &amp#27;[32mAnd &amp#27;[0m&amp#27;[32mI click logout&amp#27;[0m                          &amp#27;[90m# starter.stepdefinitions.LogoutSteps.clickLogOut()&amp#27;[0m
16:12:55.634 [main] DEBUG net.thucydides.core.steps.StepInterceptor - STARTING STEP: LogoutSteps.successLogOut - validateOnLoginPage
16:12:55.635 [main] DEBUG net.thucydides.core.steps.StepInterceptor - STEP DONE: validateOnLoginPage
  &amp#27;[32mThen &amp#27;[0m&amp#27;[32mI success to log out&amp#27;[0m                   &amp#27;[90m# starter.stepdefinitions.LogoutSteps.successLogOut()&amp#27;[0m
16:12:55.637 [main] INFO  - 
  _____   ___   ___   _____     ___     _     ___   ___   ___   ___  
 |_   _| | __| / __| |_   _|   | _ \   /_\   / __| / __| | __| |   \ 
   | |   | _|  \__ \   | |     |  _/  / _ \  \__ \ \__ \ | _|  | |) |
   |_|   |___| |___/   |_|     |_|   /_/ \_\ |___/ |___/ |___| |___/ 

As a user i have be able to log out
----------------------------------------------------------------------
]]></system-out>
  </testcase>
  <testcase name="While i am not a user, i have not be able to register" classname="User be able to Register" time="0.103">
    <system-out><![CDATA[16:12:55.638 [main] DEBUG io.cucumber.core.plugin.SerenityReporter - Running feature from file:///C:/Users/ASUS/Documents/GitHub/Mini-Project/WebTesting/src/test/resources/features/5_Register.feature
16:12:55.640 [main] DEBUG net.thucydides.core.steps.StepEventBus - Test suite started for story net.thucydides.core.model.Story@b9ce1cb
16:12:55.641 [main] INFO  - Test Suite Started: User be able to Register

Scenario: While i am not a user, i have not be able to register &amp#27;[90m# src/test/resources/features/5_Register.feature:5&amp#27;[0m
16:12:55.645 [main] DEBUG io.cucumber.core.plugin.SerenityReporter - Running feature from file:///C:/Users/ASUS/Documents/GitHub/Mini-Project/WebTesting/src/test/resources/features/5_Register.feature
16:12:55.646 [main] INFO  - 
  _____   ___   ___   _____     ___   _____     _     ___   _____   ___   ___  
 |_   _| | __| / __| |_   _|   / __| |_   _|   /_\   | _ \ |_   _| | __| |   \ 
   | |   | _|  \__ \   | |     \__ \   | |    / _ \  |   /   | |   | _|  | |) |
   |_|   |___| |___/   |_|     |___/   |_|   /_/ \_\ |_|_\   |_|   |___| |___/ 

While i am not a user, i have not be able to register(user-be-able-to-register;while-i-am-not-a-user--i-have-not-be-able-to-register)
--------------------------------------------------------------------------------
16:12:55.700 [main] DEBUG net.thucydides.core.steps.StepInterceptor - STARTING STEP: RegisterSteps.onTheLoginPage - validateOnLoginPage
16:12:55.702 [main] DEBUG net.thucydides.core.steps.StepInterceptor - STEP DONE: validateOnLoginPage
  &amp#27;[32mGiven &amp#27;[0m&amp#27;[32mI am on the login page&amp#27;[0m                                  &amp#27;[90m# starter.stepdefinitions.RegisterSteps.onTheLoginPage()&amp#27;[0m
16:12:55.706 [main] DEBUG net.thucydides.core.steps.StepInterceptor - STARTING STEP: RegisterSteps.clickRegister - clickRegister
16:12:55.709 [main] DEBUG net.thucydides.core.steps.StepInterceptor - STEP DONE: clickRegister
  &amp#27;[32mWhen &amp#27;[0m&amp#27;[32mI click register&amp#27;[0m                                         &amp#27;[90m# starter.stepdefinitions.RegisterSteps.clickRegister()&amp#27;[0m
16:12:55.714 [main] DEBUG net.thucydides.core.steps.StepInterceptor - STARTING STEP: RegisterSteps.inputFullname - validateOnRegisterPage
16:12:55.716 [main] DEBUG net.thucydides.core.steps.StepInterceptor - STEP DONE: validateOnRegisterPage
16:12:55.717 [main] DEBUG net.thucydides.core.steps.StepInterceptor - STARTING STEP: RegisterSteps.inputFullname - inputUserName
16:12:55.718 [main] DEBUG net.thucydides.core.steps.StepInterceptor - STEP DONE: inputUserName
  &amp#27;[32mAnd &amp#27;[0m&amp#27;[32mI input fullname&amp#27;[0m                                          &amp#27;[90m# starter.stepdefinitions.RegisterSteps.inputFullname()&amp#27;[0m
16:12:55.722 [main] DEBUG net.thucydides.core.steps.StepInterceptor - STARTING STEP: RegisterSteps.inputInvalidEmail - inputEmail
16:12:55.723 [main] DEBUG net.thucydides.core.steps.StepInterceptor - STEP DONE: inputEmail
  &amp#27;[32mAnd &amp#27;[0m&amp#27;[32mI input invalid email&amp#27;[0m                                     &amp#27;[90m# starter.stepdefinitions.RegisterSteps.inputInvalidEmail()&amp#27;[0m
16:12:55.728 [main] DEBUG net.thucydides.core.steps.StepInterceptor - STARTING STEP: RegisterSteps.inputInvalidPassword - inputPassword
16:12:55.729 [main] DEBUG net.thucydides.core.steps.StepInterceptor - STEP DONE: inputPassword
  &amp#27;[32mAnd &amp#27;[0m&amp#27;[32mI input register invalid password&amp#27;[0m                         &amp#27;[90m# starter.stepdefinitions.RegisterSteps.inputInvalidPassword()&amp#27;[0m
16:12:55.732 [main] DEBUG net.thucydides.core.steps.StepInterceptor - STARTING STEP: RegisterSteps.clickRegisterButton - clickRegisterutton
16:12:55.735 [main] DEBUG net.thucydides.core.steps.StepInterceptor - STEP DONE: clickRegisterutton
  &amp#27;[32mAnd &amp#27;[0m&amp#27;[32mI click register button&amp#27;[0m                                   &amp#27;[90m# starter.stepdefinitions.RegisterSteps.clickRegisterButton()&amp#27;[0m
16:12:55.738 [main] DEBUG net.thucydides.core.steps.StepInterceptor - STARTING STEP: RegisterSteps.failedRegister - validateOnRegisterPage
16:12:55.740 [main] DEBUG net.thucydides.core.steps.StepInterceptor - STEP DONE: validateOnRegisterPage
  &amp#27;[32mThen &amp#27;[0m&amp#27;[32mI failed to register&amp#27;[0m                                     &amp#27;[90m# starter.stepdefinitions.RegisterSteps.failedRegister()&amp#27;[0m
16:12:55.743 [main] INFO  - 
  _____   ___   ___   _____     ___     _     ___   ___   ___   ___  
 |_   _| | __| / __| |_   _|   | _ \   /_\   / __| / __| | __| |   \ 
   | |   | _|  \__ \   | |     |  _/  / _ \  \__ \ \__ \ | _|  | |) |
   |_|   |___| |___/   |_|     |_|   /_/ \_\ |___/ |___/ |___| |___/ 

While i am not a user, i have not be able to register
----------------------------------------------------------------------
]]></system-out>
  </testcase>
  <testcase name="As a user, i have be able to register" classname="User be able to Register" time="0.076">
    <system-out><![CDATA[
Scenario: As a user, i have be able to register &amp#27;[90m# src/test/resources/features/5_Register.feature:14&amp#27;[0m
16:12:55.750 [main] DEBUG io.cucumber.core.plugin.SerenityReporter - Running feature from file:///C:/Users/ASUS/Documents/GitHub/Mini-Project/WebTesting/src/test/resources/features/5_Register.feature
16:12:55.753 [main] INFO  - 
  _____   ___   ___   _____     ___   _____     _     ___   _____   ___   ___  
 |_   _| | __| / __| |_   _|   / __| |_   _|   /_\   | _ \ |_   _| | __| |   \ 
   | |   | _|  \__ \   | |     \__ \   | |    / _ \  |   /   | |   | _|  | |) |
   |_|   |___| |___/   |_|     |___/   |_|   /_/ \_\ |_|_\   |_|   |___| |___/ 

As a user, i have be able to register(user-be-able-to-register;as-a-user--i-have-be-able-to-register)
--------------------------------------------------------------------------------
16:12:55.779 [main] DEBUG net.thucydides.core.steps.StepInterceptor - STARTING STEP: RegisterSteps.onTheLoginPage - validateOnLoginPage
16:12:55.780 [main] DEBUG net.thucydides.core.steps.StepInterceptor - STEP DONE: validateOnLoginPage
  &amp#27;[32mGiven &amp#27;[0m&amp#27;[32mI am on the login page&amp#27;[0m                  &amp#27;[90m# starter.stepdefinitions.RegisterSteps.onTheLoginPage()&amp#27;[0m
16:12:55.785 [main] DEBUG net.thucydides.core.steps.StepInterceptor - STARTING STEP: RegisterSteps.clickRegister - clickRegister
16:12:55.789 [main] DEBUG net.thucydides.core.steps.StepInterceptor - STEP DONE: clickRegister
  &amp#27;[32mWhen &amp#27;[0m&amp#27;[32mI click register&amp#27;[0m                         &amp#27;[90m# starter.stepdefinitions.RegisterSteps.clickRegister()&amp#27;[0m
16:12:55.792 [main] DEBUG net.thucydides.core.steps.StepInterceptor - STARTING STEP: RegisterSteps.inputFullname - validateOnRegisterPage
16:12:55.794 [main] DEBUG net.thucydides.core.steps.StepInterceptor - STEP DONE: validateOnRegisterPage
16:12:55.795 [main] DEBUG net.thucydides.core.steps.StepInterceptor - STARTING STEP: RegisterSteps.inputFullname - inputUserName
16:12:55.796 [main] DEBUG net.thucydides.core.steps.StepInterceptor - STEP DONE: inputUserName
  &amp#27;[32mAnd &amp#27;[0m&amp#27;[32mI input fullname&amp#27;[0m                          &amp#27;[90m# starter.stepdefinitions.RegisterSteps.inputFullname()&amp#27;[0m
16:12:55.799 [main] DEBUG net.thucydides.core.steps.StepInterceptor - STARTING STEP: RegisterSteps.inputValidEmail - inputEmail
16:12:55.801 [main] DEBUG net.thucydides.core.steps.StepInterceptor - STEP DONE: inputEmail
  &amp#27;[32mAnd &amp#27;[0m&amp#27;[32mI input valid email&amp#27;[0m                       &amp#27;[90m# starter.stepdefinitions.RegisterSteps.inputValidEmail()&amp#27;[0m
16:12:55.804 [main] DEBUG net.thucydides.core.steps.StepInterceptor - STARTING STEP: RegisterSteps.inputValidPassword - inputPassword
16:12:55.806 [main] DEBUG net.thucydides.core.steps.StepInterceptor - STEP DONE: inputPassword
  &amp#27;[32mAnd &amp#27;[0m&amp#27;[32mI input register valid password&amp#27;[0m           &amp#27;[90m# starter.stepdefinitions.RegisterSteps.inputValidPassword()&amp#27;[0m
16:12:55.809 [main] DEBUG net.thucydides.core.steps.StepInterceptor - STARTING STEP: RegisterSteps.clickRegisterButton - clickRegisterutton
16:12:55.812 [main] DEBUG net.thucydides.core.steps.StepInterceptor - STEP DONE: clickRegisterutton
  &amp#27;[32mAnd &amp#27;[0m&amp#27;[32mI click register button&amp#27;[0m                   &amp#27;[90m# starter.stepdefinitions.RegisterSteps.clickRegisterButton()&amp#27;[0m
16:12:55.815 [main] DEBUG net.thucydides.core.steps.StepInterceptor - STARTING STEP: RegisterSteps.successRegister - validateOnRegisterPage
16:12:55.817 [main] DEBUG net.thucydides.core.steps.StepInterceptor - STEP DONE: validateOnRegisterPage
  &amp#27;[32mThen &amp#27;[0m&amp#27;[32mI success to register&amp#27;[0m                    &amp#27;[90m# starter.stepdefinitions.RegisterSteps.successRegister()&amp#27;[0m
16:12:55.819 [main] INFO  - 
  _____   ___   ___   _____     ___     _     ___   ___   ___   ___  
 |_   _| | __| / __| |_   _|   | _ \   /_\   / __| / __| | __| |   \ 
   | |   | _|  \__ \   | |     |  _/  / _ \  \__ \ \__ \ | _|  | |) |
   |_|   |___| |___/   |_|     |_|   /_/ \_\ |___/ |___/ |___| |___/ 

As a user, i have be able to register
----------------------------------------------------------------------
]]></system-out>
  </testcase>
</testsuite>